<?xml version="1.0" encoding="UTF-8"?>
<testsuite xmlns:xsi="http://www.w3.org/2001/XMLSchema-instance" xsi:noNamespaceSchemaLocation="https://maven.apache.org/surefire/maven-failsafe-plugin/xsd/failsafe-test-report-3.0.xsd" version="3.0" name="com.runner.Runner" time="67.633" tests="1" errors="0" skipped="0" failures="0">
  <properties>
    <property name="sun.desktop" value="windows"/>
    <property name="awt.toolkit" value="sun.awt.windows.WToolkit"/>
    <property name="java.specification.version" value="11"/>
    <property name="sun.cpu.isalist" value="amd64"/>
    <property name="sun.jnu.encoding" value="Cp1252"/>
    <property name="java.class.path" value="C:\Users\C2TA\eclipse-workspace\Apollo_Hospital\target\test-classes;C:\Users\C2TA\.m2\repository\io\github\bonigarcia\webdrivermanager\5.5.3\webdrivermanager-5.5.3.jar;C:\Users\C2TA\.m2\repository\org\slf4j\slf4j-api\2.0.7\slf4j-api-2.0.7.jar;C:\Users\C2TA\.m2\repository\com\google\code\gson\gson\2.10.1\gson-2.10.1.jar;C:\Users\C2TA\.m2\repository\com\github\docker-java\docker-java\3.3.3\docker-java-3.3.3.jar;C:\Users\C2TA\.m2\repository\com\github\docker-java\docker-java-core\3.3.3\docker-java-core-3.3.3.jar;C:\Users\C2TA\.m2\repository\com\github\docker-java\docker-java-api\3.3.3\docker-java-api-3.3.3.jar;C:\Users\C2TA\.m2\repository\org\apache\commons\commons-compress\1.21\commons-compress-1.21.jar;C:\Users\C2TA\.m2\repository\org\bouncycastle\bcpkix-jdk18on\1.75\bcpkix-jdk18on-1.75.jar;C:\Users\C2TA\.m2\repository\org\bouncycastle\bcprov-jdk18on\1.75\bcprov-jdk18on-1.75.jar;C:\Users\C2TA\.m2\repository\org\bouncycastle\bcutil-jdk18on\1.75\bcutil-jdk18on-1.75.jar;C:\Users\C2TA\.m2\repository\org\slf4j\jcl-over-slf4j\1.7.30\jcl-over-slf4j-1.7.30.jar;C:\Users\C2TA\.m2\repository\com\github\docker-java\docker-java-transport-httpclient5\3.3.3\docker-java-transport-httpclient5-3.3.3.jar;C:\Users\C2TA\.m2\repository\com\github\docker-java\docker-java-transport\3.3.3\docker-java-transport-3.3.3.jar;C:\Users\C2TA\.m2\repository\net\java\dev\jna\jna\5.12.1\jna-5.12.1.jar;C:\Users\C2TA\.m2\repository\org\brotli\dec\0.1.2\dec-0.1.2.jar;C:\Users\C2TA\.m2\repository\org\apache\commons\commons-lang3\3.13.0\commons-lang3-3.13.0.jar;C:\Users\C2TA\.m2\repository\org\apache\httpcomponents\client5\httpclient5\5.2.1\httpclient5-5.2.1.jar;C:\Users\C2TA\.m2\repository\org\apache\httpcomponents\core5\httpcore5\5.2\httpcore5-5.2.jar;C:\Users\C2TA\.m2\repository\org\apache\httpcomponents\core5\httpcore5-h2\5.2\httpcore5-h2-5.2.jar;C:\Users\C2TA\.m2\repository\org\seleniumhq\selenium\selenium-java\4.15.0\selenium-java-4.15.0.jar;C:\Users\C2TA\.m2\repository\org\seleniumhq\selenium\selenium-api\4.15.0\selenium-api-4.15.0.jar;C:\Users\C2TA\.m2\repository\org\seleniumhq\selenium\selenium-chrome-driver\4.15.0\selenium-chrome-driver-4.15.0.jar;C:\Users\C2TA\.m2\repository\com\google\auto\service\auto-service-annotations\1.1.1\auto-service-annotations-1.1.1.jar;C:\Users\C2TA\.m2\repository\org\seleniumhq\selenium\selenium-chromium-driver\4.15.0\selenium-chromium-driver-4.15.0.jar;C:\Users\C2TA\.m2\repository\org\seleniumhq\selenium\selenium-json\4.15.0\selenium-json-4.15.0.jar;C:\Users\C2TA\.m2\repository\org\seleniumhq\selenium\selenium-manager\4.15.0\selenium-manager-4.15.0.jar;C:\Users\C2TA\.m2\repository\org\seleniumhq\selenium\selenium-devtools-v117\4.15.0\selenium-devtools-v117-4.15.0.jar;C:\Users\C2TA\.m2\repository\org\seleniumhq\selenium\selenium-devtools-v118\4.15.0\selenium-devtools-v118-4.15.0.jar;C:\Users\C2TA\.m2\repository\org\seleniumhq\selenium\selenium-devtools-v119\4.15.0\selenium-devtools-v119-4.15.0.jar;C:\Users\C2TA\.m2\repository\org\seleniumhq\selenium\selenium-devtools-v85\4.15.0\selenium-devtools-v85-4.15.0.jar;C:\Users\C2TA\.m2\repository\org\seleniumhq\selenium\selenium-edge-driver\4.15.0\selenium-edge-driver-4.15.0.jar;C:\Users\C2TA\.m2\repository\org\seleniumhq\selenium\selenium-firefox-driver\4.15.0\selenium-firefox-driver-4.15.0.jar;C:\Users\C2TA\.m2\repository\org\seleniumhq\selenium\selenium-http\4.15.0\selenium-http-4.15.0.jar;C:\Users\C2TA\.m2\repository\dev\failsafe\failsafe\3.3.2\failsafe-3.3.2.jar;C:\Users\C2TA\.m2\repository\org\seleniumhq\selenium\selenium-ie-driver\4.15.0\selenium-ie-driver-4.15.0.jar;C:\Users\C2TA\.m2\repository\org\seleniumhq\selenium\selenium-remote-driver\4.15.0\selenium-remote-driver-4.15.0.jar;C:\Users\C2TA\.m2\repository\com\google\guava\guava\32.1.2-jre\guava-32.1.2-jre.jar;C:\Users\C2TA\.m2\repository\com\google\guava\failureaccess\1.0.1\failureaccess-1.0.1.jar;C:\Users\C2TA\.m2\repository\com\google\guava\listenablefuture\9999.0-empty-to-avoid-conflict-with-guava\listenablefuture-9999.0-empty-to-avoid-conflict-with-guava.jar;C:\Users\C2TA\.m2\repository\org\checkerframework\checker-qual\3.33.0\checker-qual-3.33.0.jar;C:\Users\C2TA\.m2\repository\com\google\errorprone\error_prone_annotations\2.18.0\error_prone_annotations-2.18.0.jar;C:\Users\C2TA\.m2\repository\com\google\j2objc\j2objc-annotations\2.8\j2objc-annotations-2.8.jar;C:\Users\C2TA\.m2\repository\io\opentelemetry\opentelemetry-api\1.28.0\opentelemetry-api-1.28.0.jar;C:\Users\C2TA\.m2\repository\io\opentelemetry\opentelemetry-context\1.28.0\opentelemetry-context-1.28.0.jar;C:\Users\C2TA\.m2\repository\io\opentelemetry\opentelemetry-exporter-logging\1.28.0\opentelemetry-exporter-logging-1.28.0.jar;C:\Users\C2TA\.m2\repository\io\opentelemetry\opentelemetry-sdk-metrics\1.28.0\opentelemetry-sdk-metrics-1.28.0.jar;C:\Users\C2TA\.m2\repository\io\opentelemetry\opentelemetry-extension-incubator\1.28.0-alpha\opentelemetry-extension-incubator-1.28.0-alpha.jar;C:\Users\C2TA\.m2\repository\io\opentelemetry\opentelemetry-sdk-logs\1.28.0\opentelemetry-sdk-logs-1.28.0.jar;C:\Users\C2TA\.m2\repository\io\opentelemetry\opentelemetry-sdk-common\1.28.0\opentelemetry-sdk-common-1.28.0.jar;C:\Users\C2TA\.m2\repository\io\opentelemetry\opentelemetry-sdk-extension-autoconfigure-spi\1.28.0\opentelemetry-sdk-extension-autoconfigure-spi-1.28.0.jar;C:\Users\C2TA\.m2\repository\io\opentelemetry\opentelemetry-sdk-extension-autoconfigure\1.28.0\opentelemetry-sdk-extension-autoconfigure-1.28.0.jar;C:\Users\C2TA\.m2\repository\io\opentelemetry\opentelemetry-api-events\1.28.0-alpha\opentelemetry-api-events-1.28.0-alpha.jar;C:\Users\C2TA\.m2\repository\io\opentelemetry\opentelemetry-sdk-trace\1.28.0\opentelemetry-sdk-trace-1.28.0.jar;C:\Users\C2TA\.m2\repository\io\opentelemetry\opentelemetry-sdk\1.28.0\opentelemetry-sdk-1.28.0.jar;C:\Users\C2TA\.m2\repository\io\opentelemetry\opentelemetry-semconv\1.28.0-alpha\opentelemetry-semconv-1.28.0-alpha.jar;C:\Users\C2TA\.m2\repository\org\seleniumhq\selenium\selenium-os\4.15.0\selenium-os-4.15.0.jar;C:\Users\C2TA\.m2\repository\org\apache\commons\commons-exec\1.3\commons-exec-1.3.jar;C:\Users\C2TA\.m2\repository\org\seleniumhq\selenium\selenium-safari-driver\4.15.0\selenium-safari-driver-4.15.0.jar;C:\Users\C2TA\.m2\repository\org\seleniumhq\selenium\selenium-support\4.15.0\selenium-support-4.15.0.jar;C:\Users\C2TA\.m2\repository\org\testng\testng\7.6.1\testng-7.6.1.jar;C:\Users\C2TA\.m2\repository\com\google\code\findbugs\jsr305\3.0.2\jsr305-3.0.2.jar;C:\Users\C2TA\.m2\repository\com\beust\jcommander\1.82\jcommander-1.82.jar;C:\Users\C2TA\.m2\repository\org\webjars\jquery\3.6.0\jquery-3.6.0.jar;C:\Users\C2TA\.m2\repository\net\serenity-bdd\serenity-core\3.6.21\serenity-core-3.6.21.jar;C:\Users\C2TA\.m2\repository\net\serenity-bdd\serenity-model\3.6.21\serenity-model-3.6.21.jar;C:\Users\C2TA\.m2\repository\org\apache\commons\commons-text\1.10.0\commons-text-1.10.0.jar;C:\Users\C2TA\.m2\repository\commons-net\commons-net\3.9.0\commons-net-3.9.0.jar;C:\Users\C2TA\.m2\repository\com\google\inject\guice\5.1.0\guice-5.1.0.jar;C:\Users\C2TA\.m2\repository\javax\inject\javax.inject\1\javax.inject-1.jar;C:\Users\C2TA\.m2\repository\aopalliance\aopalliance\1.0\aopalliance-1.0.jar;C:\Users\C2TA\.m2\repository\org\jsoup\jsoup\1.14.3\jsoup-1.14.3.jar;C:\Users\C2TA\.m2\repository\com\thoughtworks\xstream\xstream\1.4.20\xstream-1.4.20.jar;C:\Users\C2TA\.m2\repository\io\github\x-stream\mxparser\1.2.2\mxparser-1.2.2.jar;C:\Users\C2TA\.m2\repository\xmlpull\xmlpull\1.1.3.1\xmlpull-1.1.3.1.jar;C:\Users\C2TA\.m2\repository\com\typesafe\config\1.4.2\config-1.4.2.jar;C:\Users\C2TA\.m2\repository\org\imgscalr\imgscalr-lib\4.2\imgscalr-lib-4.2.jar;C:\Users\C2TA\.m2\repository\org\awaitility\awaitility\4.2.0\awaitility-4.2.0.jar;C:\Users\C2TA\.m2\repository\org\freemarker\freemarker\2.3.31\freemarker-2.3.31.jar;C:\Users\C2TA\.m2\repository\io\github\classgraph\classgraph\4.8.138\classgraph-4.8.138.jar;C:\Users\C2TA\.m2\repository\net\sourceforge\jexcelapi\jxl\2.6.12\jxl-2.6.12.jar;C:\Users\C2TA\.m2\repository\net\bytebuddy\byte-buddy-agent\1.14.2\byte-buddy-agent-1.14.2.jar;C:\Users\C2TA\.m2\repository\org\objenesis\objenesis\3.3\objenesis-3.3.jar;C:\Users\C2TA\.m2\repository\net\serenity-bdd\serenity-reports\3.6.21\serenity-reports-3.6.21.jar;C:\Users\C2TA\.m2\repository\net\serenity-bdd\serenity-stats\3.6.21\serenity-stats-3.6.21.jar;C:\Users\C2TA\.m2\repository\net\serenity-bdd\serenity-reports-configuration\3.6.21\serenity-reports-configuration-3.6.21.jar;C:\Users\C2TA\.m2\repository\com\vladsch\flexmark\flexmark-all\0.62.2\flexmark-all-0.62.2.jar;C:\Users\C2TA\.m2\repository\com\vladsch\flexmark\flexmark\0.62.2\flexmark-0.62.2.jar;C:\Users\C2TA\.m2\repository\com\vladsch\flexmark\flexmark-ext-abbreviation\0.62.2\flexmark-ext-abbreviation-0.62.2.jar;C:\Users\C2TA\.m2\repository\com\vladsch\flexmark\flexmark-util\0.62.2\flexmark-util-0.62.2.jar;C:\Users\C2TA\.m2\repository\com\vladsch\flexmark\flexmark-ext-admonition\0.62.2\flexmark-ext-admonition-0.62.2.jar;C:\Users\C2TA\.m2\repository\com\vladsch\flexmark\flexmark-ext-anchorlink\0.62.2\flexmark-ext-anchorlink-0.62.2.jar;C:\Users\C2TA\.m2\repository\com\vladsch\flexmark\flexmark-ext-aside\0.62.2\flexmark-ext-aside-0.62.2.jar;C:\Users\C2TA\.m2\repository\com\vladsch\flexmark\flexmark-ext-attributes\0.62.2\flexmark-ext-attributes-0.62.2.jar;C:\Users\C2TA\.m2\repository\com\vladsch\flexmark\flexmark-ext-autolink\0.62.2\flexmark-ext-autolink-0.62.2.jar;C:\Users\C2TA\.m2\repository\org\nibor\autolink\autolink\0.6.0\autolink-0.6.0.jar;C:\Users\C2TA\.m2\repository\com\vladsch\flexmark\flexmark-ext-definition\0.62.2\flexmark-ext-definition-0.62.2.jar;C:\Users\C2TA\.m2\repository\com\vladsch\flexmark\flexmark-ext-emoji\0.62.2\flexmark-ext-emoji-0.62.2.jar;C:\Users\C2TA\.m2\repository\com\vladsch\flexmark\flexmark-ext-enumerated-reference\0.62.2\flexmark-ext-enumerated-reference-0.62.2.jar;C:\Users\C2TA\.m2\repository\com\vladsch\flexmark\flexmark-ext-escaped-character\0.62.2\flexmark-ext-escaped-character-0.62.2.jar;C:\Users\C2TA\.m2\repository\com\vladsch\flexmark\flexmark-ext-footnotes\0.62.2\flexmark-ext-footnotes-0.62.2.jar;C:\Users\C2TA\.m2\repository\com\vladsch\flexmark\flexmark-ext-gfm-issues\0.62.2\flexmark-ext-gfm-issues-0.62.2.jar;C:\Users\C2TA\.m2\repository\com\vladsch\flexmark\flexmark-ext-gfm-strikethrough\0.62.2\flexmark-ext-gfm-strikethrough-0.62.2.jar;C:\Users\C2TA\.m2\repository\com\vladsch\flexmark\flexmark-ext-gfm-tasklist\0.62.2\flexmark-ext-gfm-tasklist-0.62.2.jar;C:\Users\C2TA\.m2\repository\com\vladsch\flexmark\flexmark-ext-gfm-users\0.62.2\flexmark-ext-gfm-users-0.62.2.jar;C:\Users\C2TA\.m2\repository\com\vladsch\flexmark\flexmark-ext-gitlab\0.62.2\flexmark-ext-gitlab-0.62.2.jar;C:\Users\C2TA\.m2\repository\com\vladsch\flexmark\flexmark-ext-jekyll-front-matter\0.62.2\flexmark-ext-jekyll-front-matter-0.62.2.jar;C:\Users\C2TA\.m2\repository\com\vladsch\flexmark\flexmark-ext-jekyll-tag\0.62.2\flexmark-ext-jekyll-tag-0.62.2.jar;C:\Users\C2TA\.m2\repository\com\vladsch\flexmark\flexmark-ext-media-tags\0.62.2\flexmark-ext-media-tags-0.62.2.jar;C:\Users\C2TA\.m2\repository\com\vladsch\flexmark\flexmark-ext-macros\0.62.2\flexmark-ext-macros-0.62.2.jar;C:\Users\C2TA\.m2\repository\com\vladsch\flexmark\flexmark-ext-ins\0.62.2\flexmark-ext-ins-0.62.2.jar;C:\Users\C2TA\.m2\repository\com\vladsch\flexmark\flexmark-ext-xwiki-macros\0.62.2\flexmark-ext-xwiki-macros-0.62.2.jar;C:\Users\C2TA\.m2\repository\com\vladsch\flexmark\flexmark-ext-superscript\0.62.2\flexmark-ext-superscript-0.62.2.jar;C:\Users\C2TA\.m2\repository\com\vladsch\flexmark\flexmark-ext-tables\0.62.2\flexmark-ext-tables-0.62.2.jar;C:\Users\C2TA\.m2\repository\com\vladsch\flexmark\flexmark-ext-toc\0.62.2\flexmark-ext-toc-0.62.2.jar;C:\Users\C2TA\.m2\repository\com\vladsch\flexmark\flexmark-ext-typographic\0.62.2\flexmark-ext-typographic-0.62.2.jar;C:\Users\C2TA\.m2\repository\com\vladsch\flexmark\flexmark-ext-wikilink\0.62.2\flexmark-ext-wikilink-0.62.2.jar;C:\Users\C2TA\.m2\repository\com\vladsch\flexmark\flexmark-ext-yaml-front-matter\0.62.2\flexmark-ext-yaml-front-matter-0.62.2.jar;C:\Users\C2TA\.m2\repository\com\vladsch\flexmark\flexmark-ext-youtube-embedded\0.62.2\flexmark-ext-youtube-embedded-0.62.2.jar;C:\Users\C2TA\.m2\repository\com\vladsch\flexmark\flexmark-html2md-converter\0.62.2\flexmark-html2md-converter-0.62.2.jar;C:\Users\C2TA\.m2\repository\com\vladsch\flexmark\flexmark-jira-converter\0.62.2\flexmark-jira-converter-0.62.2.jar;C:\Users\C2TA\.m2\repository\com\vladsch\flexmark\flexmark-pdf-converter\0.62.2\flexmark-pdf-converter-0.62.2.jar;C:\Users\C2TA\.m2\repository\com\openhtmltopdf\openhtmltopdf-core\1.0.0\openhtmltopdf-core-1.0.0.jar;C:\Users\C2TA\.m2\repository\com\openhtmltopdf\openhtmltopdf-pdfbox\1.0.0\openhtmltopdf-pdfbox-1.0.0.jar;C:\Users\C2TA\.m2\repository\org\apache\pdfbox\pdfbox\2.0.16\pdfbox-2.0.16.jar;C:\Users\C2TA\.m2\repository\org\apache\pdfbox\fontbox\2.0.16\fontbox-2.0.16.jar;C:\Users\C2TA\.m2\repository\org\apache\pdfbox\xmpbox\2.0.16\xmpbox-2.0.16.jar;C:\Users\C2TA\.m2\repository\de\rototor\pdfbox\graphics2d\0.24\graphics2d-0.24.jar;C:\Users\C2TA\.m2\repository\com\openhtmltopdf\openhtmltopdf-rtl-support\1.0.0\openhtmltopdf-rtl-support-1.0.0.jar;C:\Users\C2TA\.m2\repository\com\openhtmltopdf\openhtmltopdf-jsoup-dom-converter\1.0.0\openhtmltopdf-jsoup-dom-converter-1.0.0.jar;C:\Users\C2TA\.m2\repository\com\vladsch\flexmark\flexmark-profile-pegdown\0.62.2\flexmark-profile-pegdown-0.62.2.jar;C:\Users\C2TA\.m2\repository\com\vladsch\flexmark\flexmark-util-ast\0.62.2\flexmark-util-ast-0.62.2.jar;C:\Users\C2TA\.m2\repository\com\vladsch\flexmark\flexmark-util-builder\0.62.2\flexmark-util-builder-0.62.2.jar;C:\Users\C2TA\.m2\repository\com\vladsch\flexmark\flexmark-util-collection\0.62.2\flexmark-util-collection-0.62.2.jar;C:\Users\C2TA\.m2\repository\com\vladsch\flexmark\flexmark-util-data\0.62.2\flexmark-util-data-0.62.2.jar;C:\Users\C2TA\.m2\repository\com\vladsch\flexmark\flexmark-util-dependency\0.62.2\flexmark-util-dependency-0.62.2.jar;C:\Users\C2TA\.m2\repository\com\vladsch\flexmark\flexmark-util-format\0.62.2\flexmark-util-format-0.62.2.jar;C:\Users\C2TA\.m2\repository\com\vladsch\flexmark\flexmark-util-html\0.62.2\flexmark-util-html-0.62.2.jar;C:\Users\C2TA\.m2\repository\com\vladsch\flexmark\flexmark-util-misc\0.62.2\flexmark-util-misc-0.62.2.jar;C:\Users\C2TA\.m2\repository\com\vladsch\flexmark\flexmark-util-options\0.62.2\flexmark-util-options-0.62.2.jar;C:\Users\C2TA\.m2\repository\com\vladsch\flexmark\flexmark-util-sequence\0.62.2\flexmark-util-sequence-0.62.2.jar;C:\Users\C2TA\.m2\repository\com\vladsch\flexmark\flexmark-util-visitor\0.62.2\flexmark-util-visitor-0.62.2.jar;C:\Users\C2TA\.m2\repository\com\vladsch\flexmark\flexmark-youtrack-converter\0.62.2\flexmark-youtrack-converter-0.62.2.jar;C:\Users\C2TA\.m2\repository\com\ibm\icu\icu4j\72.1\icu4j-72.1.jar;C:\Users\C2TA\.m2\repository\es\nitaur\markdown\txtmark\0.16\txtmark-0.16.jar;C:\Users\C2TA\.m2\repository\net\serenity-bdd\serenity-report-resources\3.6.21\serenity-report-resources-3.6.21.jar;C:\Users\C2TA\.m2\repository\com\fasterxml\jackson\core\jackson-core\2.15.0-rc1\jackson-core-2.15.0-rc1.jar;C:\Users\C2TA\.m2\repository\com\fasterxml\jackson\core\jackson-databind\2.15.0-rc1\jackson-databind-2.15.0-rc1.jar;C:\Users\C2TA\.m2\repository\com\fasterxml\jackson\core\jackson-annotations\2.15.0-rc1\jackson-annotations-2.15.0-rc1.jar;C:\Users\C2TA\.m2\repository\commons-codec\commons-codec\1.15\commons-codec-1.15.jar;C:\Users\C2TA\.m2\repository\commons-io\commons-io\2.11.0\commons-io-2.11.0.jar;C:\Users\C2TA\.m2\repository\org\apache\httpcomponents\httpclient\4.5.13\httpclient-4.5.13.jar;C:\Users\C2TA\.m2\repository\org\apache\httpcomponents\httpcore\4.4.13\httpcore-4.4.13.jar;C:\Users\C2TA\.m2\repository\commons-logging\commons-logging\1.2\commons-logging-1.2.jar;C:\Users\C2TA\.m2\repository\org\projectlombok\lombok\1.18.20\lombok-1.18.20.jar;C:\Users\C2TA\.m2\repository\io\appium\java-client\8.3.0\java-client-8.3.0.jar;C:\Users\C2TA\.m2\repository\commons-validator\commons-validator\1.7\commons-validator-1.7.jar;C:\Users\C2TA\.m2\repository\commons-digester\commons-digester\2.1\commons-digester-2.1.jar;C:\Users\C2TA\.m2\repository\org\apache\groovy\groovy\4.0.10\groovy-4.0.10.jar;C:\Users\C2TA\.m2\repository\net\sf\opencsv\opencsv\2.0\opencsv-2.0.jar;C:\Users\C2TA\.m2\repository\commons-beanutils\commons-beanutils\1.9.4\commons-beanutils-1.9.4.jar;C:\Users\C2TA\.m2\repository\commons-collections\commons-collections\3.2.2\commons-collections-3.2.2.jar;C:\Users\C2TA\.m2\repository\org\fluentlenium\fluentlenium-core\0.10.2\fluentlenium-core-0.10.2.jar;C:\Users\C2TA\.m2\repository\com\jhlabs\filters\2.0.235\filters-2.0.235.jar;C:\Users\C2TA\.m2\repository\com\paulhammant\ngwebdriver\1.1.6\ngwebdriver-1.1.6.jar;C:\Users\C2TA\.m2\repository\joda-time\joda-time\2.12.2\joda-time-2.12.2.jar;C:\Users\C2TA\.m2\repository\org\hamcrest\hamcrest\2.2\hamcrest-2.2.jar;C:\Users\C2TA\.m2\repository\com\google\jimfs\jimfs\1.2\jimfs-1.2.jar;C:\Users\C2TA\.m2\repository\org\mockito\mockito-core\3.3.3\mockito-core-3.3.3.jar;C:\Users\C2TA\.m2\repository\javax\xml\bind\jaxb-api\2.3.1\jaxb-api-2.3.1.jar;C:\Users\C2TA\.m2\repository\javax\activation\javax.activation-api\1.2.0\javax.activation-api-1.2.0.jar;C:\Users\C2TA\.m2\repository\com\sun\xml\bind\jaxb-core\2.3.0.1\jaxb-core-2.3.0.1.jar;C:\Users\C2TA\.m2\repository\com\sun\xml\bind\jaxb-impl\2.3.3\jaxb-impl-2.3.3.jar;C:\Users\C2TA\.m2\repository\jakarta\xml\bind\jakarta.xml.bind-api\2.3.3\jakarta.xml.bind-api-2.3.3.jar;C:\Users\C2TA\.m2\repository\com\sun\activation\jakarta.activation\1.2.2\jakarta.activation-1.2.2.jar;C:\Users\C2TA\.m2\repository\javax\activation\activation\1.1.1\activation-1.1.1.jar;C:\Users\C2TA\.m2\repository\net\serenity-bdd\serenity-cucumber\3.6.21\serenity-cucumber-3.6.21.jar;C:\Users\C2TA\.m2\repository\io\cucumber\cucumber-core\7.11.0\cucumber-core-7.11.0.jar;C:\Users\C2TA\.m2\repository\io\cucumber\cucumber-gherkin\7.11.0\cucumber-gherkin-7.11.0.jar;C:\Users\C2TA\.m2\repository\io\cucumber\cucumber-gherkin-messages\7.11.0\cucumber-gherkin-messages-7.11.0.jar;C:\Users\C2TA\.m2\repository\io\cucumber\gherkin\26.0.3\gherkin-26.0.3.jar;C:\Users\C2TA\.m2\repository\io\cucumber\messages\21.0.1\messages-21.0.1.jar;C:\Users\C2TA\.m2\repository\io\cucumber\tag-expressions\5.0.1\tag-expressions-5.0.1.jar;C:\Users\C2TA\.m2\repository\io\cucumber\cucumber-expressions\16.1.1\cucumber-expressions-16.1.1.jar;C:\Users\C2TA\.m2\repository\io\cucumber\datatable\7.11.0\datatable-7.11.0.jar;C:\Users\C2TA\.m2\repository\io\cucumber\cucumber-plugin\7.11.0\cucumber-plugin-7.11.0.jar;C:\Users\C2TA\.m2\repository\io\cucumber\docstring\7.11.0\docstring-7.11.0.jar;C:\Users\C2TA\.m2\repository\io\cucumber\html-formatter\20.2.1\html-formatter-20.2.1.jar;C:\Users\C2TA\.m2\repository\io\cucumber\junit-xml-formatter\0.1.0\junit-xml-formatter-0.1.0.jar;C:\Users\C2TA\.m2\repository\io\cucumber\ci-environment\9.1.0\ci-environment-9.1.0.jar;C:\Users\C2TA\.m2\repository\io\cucumber\cucumber-java\7.11.0\cucumber-java-7.11.0.jar;C:\Users\C2TA\.m2\repository\io\cucumber\cucumber-junit\7.11.0\cucumber-junit-7.11.0.jar;C:\Users\C2TA\.m2\repository\org\apache\commons\commons-csv\1.5\commons-csv-1.5.jar;C:\Users\C2TA\.m2\repository\net\serenity-bdd\serenity-screenplay\3.6.21\serenity-screenplay-3.6.21.jar;C:\Users\C2TA\.m2\repository\net\serenity-bdd\serenity-screenplay-webdriver\3.6.21\serenity-screenplay-webdriver-3.6.21.jar;C:\Users\C2TA\.m2\repository\net\serenity-bdd\serenity-ensure\3.6.21\serenity-ensure-3.6.21.jar;C:\Users\C2TA\.m2\repository\net\serenity-bdd\serenity-junit\3.6.21\serenity-junit-3.6.21.jar;C:\Users\C2TA\.m2\repository\org\jetbrains\kotlin\kotlin-stdlib\1.8.10\kotlin-stdlib-1.8.10.jar;C:\Users\C2TA\.m2\repository\org\jetbrains\kotlin\kotlin-stdlib-common\1.8.10\kotlin-stdlib-common-1.8.10.jar;C:\Users\C2TA\.m2\repository\org\jetbrains\annotations\13.0\annotations-13.0.jar;C:\Users\C2TA\.m2\repository\org\junit\platform\junit-platform-launcher\1.8.2\junit-platform-launcher-1.8.2.jar;C:\Users\C2TA\.m2\repository\org\junit\platform\junit-platform-engine\1.8.2\junit-platform-engine-1.8.2.jar;C:\Users\C2TA\.m2\repository\org\opentest4j\opentest4j\1.2.0\opentest4j-1.2.0.jar;C:\Users\C2TA\.m2\repository\org\junit\platform\junit-platform-commons\1.8.2\junit-platform-commons-1.8.2.jar;C:\Users\C2TA\.m2\repository\org\apiguardian\apiguardian-api\1.1.2\apiguardian-api-1.1.2.jar;C:\Users\C2TA\.m2\repository\org\junit\jupiter\junit-jupiter-engine\5.8.2\junit-jupiter-engine-5.8.2.jar;C:\Users\C2TA\.m2\repository\org\junit\jupiter\junit-jupiter-api\5.8.2\junit-jupiter-api-5.8.2.jar;C:\Users\C2TA\.m2\repository\org\junit\vintage\junit-vintage-engine\5.8.2\junit-vintage-engine-5.8.2.jar;C:\Users\C2TA\.m2\repository\junit\junit\4.13.2\junit-4.13.2.jar;C:\Users\C2TA\.m2\repository\org\hamcrest\hamcrest-core\1.3\hamcrest-core-1.3.jar;C:\Users\C2TA\.m2\repository\ch\qos\logback\logback-classic\1.2.10\logback-classic-1.2.10.jar;C:\Users\C2TA\.m2\repository\ch\qos\logback\logback-core\1.2.10\logback-core-1.2.10.jar;C:\Users\C2TA\.m2\repository\org\assertj\assertj-core\3.23.1\assertj-core-3.23.1.jar;C:\Users\C2TA\.m2\repository\net\bytebuddy\byte-buddy\1.12.10\byte-buddy-1.12.10.jar;"/>
    <property name="java.vm.vendor" value="Oracle Corporation"/>
    <property name="sun.arch.data.model" value="64"/>
    <property name="user.variant" value=""/>
    <property name="java.vendor.url" value="https://openjdk.java.net/"/>
    <property name="user.timezone" value="Asia/Calcutta"/>
    <property name="java.vm.specification.version" value="11"/>
    <property name="os.name" value="Windows 10"/>
    <property name="sun.java.launcher" value="SUN_STANDARD"/>
    <property name="user.country" value="IN"/>
    <property name="sun.boot.library.path" value="C:\Program Files\Java\jdk-11\bin"/>
    <property name="sun.java.command" value="org.apache.maven.surefire.booter.ForkedBooter C:\Users\C2TA\AppData\Local\Temp\surefire7832609238981103958 2023-12-27T15-53-47_823-jvmRun1 surefire12314227559146508726tmp surefire_012417208834516621802tmp"/>
    <property name="jdk.debug" value="release"/>
    <property name="surefire.test.class.path" value="C:\Users\C2TA\eclipse-workspace\Apollo_Hospital\target\test-classes;C:\Users\C2TA\.m2\repository\io\github\bonigarcia\webdrivermanager\5.5.3\webdrivermanager-5.5.3.jar;C:\Users\C2TA\.m2\repository\org\slf4j\slf4j-api\2.0.7\slf4j-api-2.0.7.jar;C:\Users\C2TA\.m2\repository\com\google\code\gson\gson\2.10.1\gson-2.10.1.jar;C:\Users\C2TA\.m2\repository\com\github\docker-java\docker-java\3.3.3\docker-java-3.3.3.jar;C:\Users\C2TA\.m2\repository\com\github\docker-java\docker-java-core\3.3.3\docker-java-core-3.3.3.jar;C:\Users\C2TA\.m2\repository\com\github\docker-java\docker-java-api\3.3.3\docker-java-api-3.3.3.jar;C:\Users\C2TA\.m2\repository\org\apache\commons\commons-compress\1.21\commons-compress-1.21.jar;C:\Users\C2TA\.m2\repository\org\bouncycastle\bcpkix-jdk18on\1.75\bcpkix-jdk18on-1.75.jar;C:\Users\C2TA\.m2\repository\org\bouncycastle\bcprov-jdk18on\1.75\bcprov-jdk18on-1.75.jar;C:\Users\C2TA\.m2\repository\org\bouncycastle\bcutil-jdk18on\1.75\bcutil-jdk18on-1.75.jar;C:\Users\C2TA\.m2\repository\org\slf4j\jcl-over-slf4j\1.7.30\jcl-over-slf4j-1.7.30.jar;C:\Users\C2TA\.m2\repository\com\github\docker-java\docker-java-transport-httpclient5\3.3.3\docker-java-transport-httpclient5-3.3.3.jar;C:\Users\C2TA\.m2\repository\com\github\docker-java\docker-java-transport\3.3.3\docker-java-transport-3.3.3.jar;C:\Users\C2TA\.m2\repository\net\java\dev\jna\jna\5.12.1\jna-5.12.1.jar;C:\Users\C2TA\.m2\repository\org\brotli\dec\0.1.2\dec-0.1.2.jar;C:\Users\C2TA\.m2\repository\org\apache\commons\commons-lang3\3.13.0\commons-lang3-3.13.0.jar;C:\Users\C2TA\.m2\repository\org\apache\httpcomponents\client5\httpclient5\5.2.1\httpclient5-5.2.1.jar;C:\Users\C2TA\.m2\repository\org\apache\httpcomponents\core5\httpcore5\5.2\httpcore5-5.2.jar;C:\Users\C2TA\.m2\repository\org\apache\httpcomponents\core5\httpcore5-h2\5.2\httpcore5-h2-5.2.jar;C:\Users\C2TA\.m2\repository\org\seleniumhq\selenium\selenium-java\4.15.0\selenium-java-4.15.0.jar;C:\Users\C2TA\.m2\repository\org\seleniumhq\selenium\selenium-api\4.15.0\selenium-api-4.15.0.jar;C:\Users\C2TA\.m2\repository\org\seleniumhq\selenium\selenium-chrome-driver\4.15.0\selenium-chrome-driver-4.15.0.jar;C:\Users\C2TA\.m2\repository\com\google\auto\service\auto-service-annotations\1.1.1\auto-service-annotations-1.1.1.jar;C:\Users\C2TA\.m2\repository\org\seleniumhq\selenium\selenium-chromium-driver\4.15.0\selenium-chromium-driver-4.15.0.jar;C:\Users\C2TA\.m2\repository\org\seleniumhq\selenium\selenium-json\4.15.0\selenium-json-4.15.0.jar;C:\Users\C2TA\.m2\repository\org\seleniumhq\selenium\selenium-manager\4.15.0\selenium-manager-4.15.0.jar;C:\Users\C2TA\.m2\repository\org\seleniumhq\selenium\selenium-devtools-v117\4.15.0\selenium-devtools-v117-4.15.0.jar;C:\Users\C2TA\.m2\repository\org\seleniumhq\selenium\selenium-devtools-v118\4.15.0\selenium-devtools-v118-4.15.0.jar;C:\Users\C2TA\.m2\repository\org\seleniumhq\selenium\selenium-devtools-v119\4.15.0\selenium-devtools-v119-4.15.0.jar;C:\Users\C2TA\.m2\repository\org\seleniumhq\selenium\selenium-devtools-v85\4.15.0\selenium-devtools-v85-4.15.0.jar;C:\Users\C2TA\.m2\repository\org\seleniumhq\selenium\selenium-edge-driver\4.15.0\selenium-edge-driver-4.15.0.jar;C:\Users\C2TA\.m2\repository\org\seleniumhq\selenium\selenium-firefox-driver\4.15.0\selenium-firefox-driver-4.15.0.jar;C:\Users\C2TA\.m2\repository\org\seleniumhq\selenium\selenium-http\4.15.0\selenium-http-4.15.0.jar;C:\Users\C2TA\.m2\repository\dev\failsafe\failsafe\3.3.2\failsafe-3.3.2.jar;C:\Users\C2TA\.m2\repository\org\seleniumhq\selenium\selenium-ie-driver\4.15.0\selenium-ie-driver-4.15.0.jar;C:\Users\C2TA\.m2\repository\org\seleniumhq\selenium\selenium-remote-driver\4.15.0\selenium-remote-driver-4.15.0.jar;C:\Users\C2TA\.m2\repository\com\google\guava\guava\32.1.2-jre\guava-32.1.2-jre.jar;C:\Users\C2TA\.m2\repository\com\google\guava\failureaccess\1.0.1\failureaccess-1.0.1.jar;C:\Users\C2TA\.m2\repository\com\google\guava\listenablefuture\9999.0-empty-to-avoid-conflict-with-guava\listenablefuture-9999.0-empty-to-avoid-conflict-with-guava.jar;C:\Users\C2TA\.m2\repository\org\checkerframework\checker-qual\3.33.0\checker-qual-3.33.0.jar;C:\Users\C2TA\.m2\repository\com\google\errorprone\error_prone_annotations\2.18.0\error_prone_annotations-2.18.0.jar;C:\Users\C2TA\.m2\repository\com\google\j2objc\j2objc-annotations\2.8\j2objc-annotations-2.8.jar;C:\Users\C2TA\.m2\repository\io\opentelemetry\opentelemetry-api\1.28.0\opentelemetry-api-1.28.0.jar;C:\Users\C2TA\.m2\repository\io\opentelemetry\opentelemetry-context\1.28.0\opentelemetry-context-1.28.0.jar;C:\Users\C2TA\.m2\repository\io\opentelemetry\opentelemetry-exporter-logging\1.28.0\opentelemetry-exporter-logging-1.28.0.jar;C:\Users\C2TA\.m2\repository\io\opentelemetry\opentelemetry-sdk-metrics\1.28.0\opentelemetry-sdk-metrics-1.28.0.jar;C:\Users\C2TA\.m2\repository\io\opentelemetry\opentelemetry-extension-incubator\1.28.0-alpha\opentelemetry-extension-incubator-1.28.0-alpha.jar;C:\Users\C2TA\.m2\repository\io\opentelemetry\opentelemetry-sdk-logs\1.28.0\opentelemetry-sdk-logs-1.28.0.jar;C:\Users\C2TA\.m2\repository\io\opentelemetry\opentelemetry-sdk-common\1.28.0\opentelemetry-sdk-common-1.28.0.jar;C:\Users\C2TA\.m2\repository\io\opentelemetry\opentelemetry-sdk-extension-autoconfigure-spi\1.28.0\opentelemetry-sdk-extension-autoconfigure-spi-1.28.0.jar;C:\Users\C2TA\.m2\repository\io\opentelemetry\opentelemetry-sdk-extension-autoconfigure\1.28.0\opentelemetry-sdk-extension-autoconfigure-1.28.0.jar;C:\Users\C2TA\.m2\repository\io\opentelemetry\opentelemetry-api-events\1.28.0-alpha\opentelemetry-api-events-1.28.0-alpha.jar;C:\Users\C2TA\.m2\repository\io\opentelemetry\opentelemetry-sdk-trace\1.28.0\opentelemetry-sdk-trace-1.28.0.jar;C:\Users\C2TA\.m2\repository\io\opentelemetry\opentelemetry-sdk\1.28.0\opentelemetry-sdk-1.28.0.jar;C:\Users\C2TA\.m2\repository\io\opentelemetry\opentelemetry-semconv\1.28.0-alpha\opentelemetry-semconv-1.28.0-alpha.jar;C:\Users\C2TA\.m2\repository\org\seleniumhq\selenium\selenium-os\4.15.0\selenium-os-4.15.0.jar;C:\Users\C2TA\.m2\repository\org\apache\commons\commons-exec\1.3\commons-exec-1.3.jar;C:\Users\C2TA\.m2\repository\org\seleniumhq\selenium\selenium-safari-driver\4.15.0\selenium-safari-driver-4.15.0.jar;C:\Users\C2TA\.m2\repository\org\seleniumhq\selenium\selenium-support\4.15.0\selenium-support-4.15.0.jar;C:\Users\C2TA\.m2\repository\org\testng\testng\7.6.1\testng-7.6.1.jar;C:\Users\C2TA\.m2\repository\com\google\code\findbugs\jsr305\3.0.2\jsr305-3.0.2.jar;C:\Users\C2TA\.m2\repository\com\beust\jcommander\1.82\jcommander-1.82.jar;C:\Users\C2TA\.m2\repository\org\webjars\jquery\3.6.0\jquery-3.6.0.jar;C:\Users\C2TA\.m2\repository\net\serenity-bdd\serenity-core\3.6.21\serenity-core-3.6.21.jar;C:\Users\C2TA\.m2\repository\net\serenity-bdd\serenity-model\3.6.21\serenity-model-3.6.21.jar;C:\Users\C2TA\.m2\repository\org\apache\commons\commons-text\1.10.0\commons-text-1.10.0.jar;C:\Users\C2TA\.m2\repository\commons-net\commons-net\3.9.0\commons-net-3.9.0.jar;C:\Users\C2TA\.m2\repository\com\google\inject\guice\5.1.0\guice-5.1.0.jar;C:\Users\C2TA\.m2\repository\javax\inject\javax.inject\1\javax.inject-1.jar;C:\Users\C2TA\.m2\repository\aopalliance\aopalliance\1.0\aopalliance-1.0.jar;C:\Users\C2TA\.m2\repository\org\jsoup\jsoup\1.14.3\jsoup-1.14.3.jar;C:\Users\C2TA\.m2\repository\com\thoughtworks\xstream\xstream\1.4.20\xstream-1.4.20.jar;C:\Users\C2TA\.m2\repository\io\github\x-stream\mxparser\1.2.2\mxparser-1.2.2.jar;C:\Users\C2TA\.m2\repository\xmlpull\xmlpull\1.1.3.1\xmlpull-1.1.3.1.jar;C:\Users\C2TA\.m2\repository\com\typesafe\config\1.4.2\config-1.4.2.jar;C:\Users\C2TA\.m2\repository\org\imgscalr\imgscalr-lib\4.2\imgscalr-lib-4.2.jar;C:\Users\C2TA\.m2\repository\org\awaitility\awaitility\4.2.0\awaitility-4.2.0.jar;C:\Users\C2TA\.m2\repository\org\freemarker\freemarker\2.3.31\freemarker-2.3.31.jar;C:\Users\C2TA\.m2\repository\io\github\classgraph\classgraph\4.8.138\classgraph-4.8.138.jar;C:\Users\C2TA\.m2\repository\net\sourceforge\jexcelapi\jxl\2.6.12\jxl-2.6.12.jar;C:\Users\C2TA\.m2\repository\net\bytebuddy\byte-buddy-agent\1.14.2\byte-buddy-agent-1.14.2.jar;C:\Users\C2TA\.m2\repository\org\objenesis\objenesis\3.3\objenesis-3.3.jar;C:\Users\C2TA\.m2\repository\net\serenity-bdd\serenity-reports\3.6.21\serenity-reports-3.6.21.jar;C:\Users\C2TA\.m2\repository\net\serenity-bdd\serenity-stats\3.6.21\serenity-stats-3.6.21.jar;C:\Users\C2TA\.m2\repository\net\serenity-bdd\serenity-reports-configuration\3.6.21\serenity-reports-configuration-3.6.21.jar;C:\Users\C2TA\.m2\repository\com\vladsch\flexmark\flexmark-all\0.62.2\flexmark-all-0.62.2.jar;C:\Users\C2TA\.m2\repository\com\vladsch\flexmark\flexmark\0.62.2\flexmark-0.62.2.jar;C:\Users\C2TA\.m2\repository\com\vladsch\flexmark\flexmark-ext-abbreviation\0.62.2\flexmark-ext-abbreviation-0.62.2.jar;C:\Users\C2TA\.m2\repository\com\vladsch\flexmark\flexmark-util\0.62.2\flexmark-util-0.62.2.jar;C:\Users\C2TA\.m2\repository\com\vladsch\flexmark\flexmark-ext-admonition\0.62.2\flexmark-ext-admonition-0.62.2.jar;C:\Users\C2TA\.m2\repository\com\vladsch\flexmark\flexmark-ext-anchorlink\0.62.2\flexmark-ext-anchorlink-0.62.2.jar;C:\Users\C2TA\.m2\repository\com\vladsch\flexmark\flexmark-ext-aside\0.62.2\flexmark-ext-aside-0.62.2.jar;C:\Users\C2TA\.m2\repository\com\vladsch\flexmark\flexmark-ext-attributes\0.62.2\flexmark-ext-attributes-0.62.2.jar;C:\Users\C2TA\.m2\repository\com\vladsch\flexmark\flexmark-ext-autolink\0.62.2\flexmark-ext-autolink-0.62.2.jar;C:\Users\C2TA\.m2\repository\org\nibor\autolink\autolink\0.6.0\autolink-0.6.0.jar;C:\Users\C2TA\.m2\repository\com\vladsch\flexmark\flexmark-ext-definition\0.62.2\flexmark-ext-definition-0.62.2.jar;C:\Users\C2TA\.m2\repository\com\vladsch\flexmark\flexmark-ext-emoji\0.62.2\flexmark-ext-emoji-0.62.2.jar;C:\Users\C2TA\.m2\repository\com\vladsch\flexmark\flexmark-ext-enumerated-reference\0.62.2\flexmark-ext-enumerated-reference-0.62.2.jar;C:\Users\C2TA\.m2\repository\com\vladsch\flexmark\flexmark-ext-escaped-character\0.62.2\flexmark-ext-escaped-character-0.62.2.jar;C:\Users\C2TA\.m2\repository\com\vladsch\flexmark\flexmark-ext-footnotes\0.62.2\flexmark-ext-footnotes-0.62.2.jar;C:\Users\C2TA\.m2\repository\com\vladsch\flexmark\flexmark-ext-gfm-issues\0.62.2\flexmark-ext-gfm-issues-0.62.2.jar;C:\Users\C2TA\.m2\repository\com\vladsch\flexmark\flexmark-ext-gfm-strikethrough\0.62.2\flexmark-ext-gfm-strikethrough-0.62.2.jar;C:\Users\C2TA\.m2\repository\com\vladsch\flexmark\flexmark-ext-gfm-tasklist\0.62.2\flexmark-ext-gfm-tasklist-0.62.2.jar;C:\Users\C2TA\.m2\repository\com\vladsch\flexmark\flexmark-ext-gfm-users\0.62.2\flexmark-ext-gfm-users-0.62.2.jar;C:\Users\C2TA\.m2\repository\com\vladsch\flexmark\flexmark-ext-gitlab\0.62.2\flexmark-ext-gitlab-0.62.2.jar;C:\Users\C2TA\.m2\repository\com\vladsch\flexmark\flexmark-ext-jekyll-front-matter\0.62.2\flexmark-ext-jekyll-front-matter-0.62.2.jar;C:\Users\C2TA\.m2\repository\com\vladsch\flexmark\flexmark-ext-jekyll-tag\0.62.2\flexmark-ext-jekyll-tag-0.62.2.jar;C:\Users\C2TA\.m2\repository\com\vladsch\flexmark\flexmark-ext-media-tags\0.62.2\flexmark-ext-media-tags-0.62.2.jar;C:\Users\C2TA\.m2\repository\com\vladsch\flexmark\flexmark-ext-macros\0.62.2\flexmark-ext-macros-0.62.2.jar;C:\Users\C2TA\.m2\repository\com\vladsch\flexmark\flexmark-ext-ins\0.62.2\flexmark-ext-ins-0.62.2.jar;C:\Users\C2TA\.m2\repository\com\vladsch\flexmark\flexmark-ext-xwiki-macros\0.62.2\flexmark-ext-xwiki-macros-0.62.2.jar;C:\Users\C2TA\.m2\repository\com\vladsch\flexmark\flexmark-ext-superscript\0.62.2\flexmark-ext-superscript-0.62.2.jar;C:\Users\C2TA\.m2\repository\com\vladsch\flexmark\flexmark-ext-tables\0.62.2\flexmark-ext-tables-0.62.2.jar;C:\Users\C2TA\.m2\repository\com\vladsch\flexmark\flexmark-ext-toc\0.62.2\flexmark-ext-toc-0.62.2.jar;C:\Users\C2TA\.m2\repository\com\vladsch\flexmark\flexmark-ext-typographic\0.62.2\flexmark-ext-typographic-0.62.2.jar;C:\Users\C2TA\.m2\repository\com\vladsch\flexmark\flexmark-ext-wikilink\0.62.2\flexmark-ext-wikilink-0.62.2.jar;C:\Users\C2TA\.m2\repository\com\vladsch\flexmark\flexmark-ext-yaml-front-matter\0.62.2\flexmark-ext-yaml-front-matter-0.62.2.jar;C:\Users\C2TA\.m2\repository\com\vladsch\flexmark\flexmark-ext-youtube-embedded\0.62.2\flexmark-ext-youtube-embedded-0.62.2.jar;C:\Users\C2TA\.m2\repository\com\vladsch\flexmark\flexmark-html2md-converter\0.62.2\flexmark-html2md-converter-0.62.2.jar;C:\Users\C2TA\.m2\repository\com\vladsch\flexmark\flexmark-jira-converter\0.62.2\flexmark-jira-converter-0.62.2.jar;C:\Users\C2TA\.m2\repository\com\vladsch\flexmark\flexmark-pdf-converter\0.62.2\flexmark-pdf-converter-0.62.2.jar;C:\Users\C2TA\.m2\repository\com\openhtmltopdf\openhtmltopdf-core\1.0.0\openhtmltopdf-core-1.0.0.jar;C:\Users\C2TA\.m2\repository\com\openhtmltopdf\openhtmltopdf-pdfbox\1.0.0\openhtmltopdf-pdfbox-1.0.0.jar;C:\Users\C2TA\.m2\repository\org\apache\pdfbox\pdfbox\2.0.16\pdfbox-2.0.16.jar;C:\Users\C2TA\.m2\repository\org\apache\pdfbox\fontbox\2.0.16\fontbox-2.0.16.jar;C:\Users\C2TA\.m2\repository\org\apache\pdfbox\xmpbox\2.0.16\xmpbox-2.0.16.jar;C:\Users\C2TA\.m2\repository\de\rototor\pdfbox\graphics2d\0.24\graphics2d-0.24.jar;C:\Users\C2TA\.m2\repository\com\openhtmltopdf\openhtmltopdf-rtl-support\1.0.0\openhtmltopdf-rtl-support-1.0.0.jar;C:\Users\C2TA\.m2\repository\com\openhtmltopdf\openhtmltopdf-jsoup-dom-converter\1.0.0\openhtmltopdf-jsoup-dom-converter-1.0.0.jar;C:\Users\C2TA\.m2\repository\com\vladsch\flexmark\flexmark-profile-pegdown\0.62.2\flexmark-profile-pegdown-0.62.2.jar;C:\Users\C2TA\.m2\repository\com\vladsch\flexmark\flexmark-util-ast\0.62.2\flexmark-util-ast-0.62.2.jar;C:\Users\C2TA\.m2\repository\com\vladsch\flexmark\flexmark-util-builder\0.62.2\flexmark-util-builder-0.62.2.jar;C:\Users\C2TA\.m2\repository\com\vladsch\flexmark\flexmark-util-collection\0.62.2\flexmark-util-collection-0.62.2.jar;C:\Users\C2TA\.m2\repository\com\vladsch\flexmark\flexmark-util-data\0.62.2\flexmark-util-data-0.62.2.jar;C:\Users\C2TA\.m2\repository\com\vladsch\flexmark\flexmark-util-dependency\0.62.2\flexmark-util-dependency-0.62.2.jar;C:\Users\C2TA\.m2\repository\com\vladsch\flexmark\flexmark-util-format\0.62.2\flexmark-util-format-0.62.2.jar;C:\Users\C2TA\.m2\repository\com\vladsch\flexmark\flexmark-util-html\0.62.2\flexmark-util-html-0.62.2.jar;C:\Users\C2TA\.m2\repository\com\vladsch\flexmark\flexmark-util-misc\0.62.2\flexmark-util-misc-0.62.2.jar;C:\Users\C2TA\.m2\repository\com\vladsch\flexmark\flexmark-util-options\0.62.2\flexmark-util-options-0.62.2.jar;C:\Users\C2TA\.m2\repository\com\vladsch\flexmark\flexmark-util-sequence\0.62.2\flexmark-util-sequence-0.62.2.jar;C:\Users\C2TA\.m2\repository\com\vladsch\flexmark\flexmark-util-visitor\0.62.2\flexmark-util-visitor-0.62.2.jar;C:\Users\C2TA\.m2\repository\com\vladsch\flexmark\flexmark-youtrack-converter\0.62.2\flexmark-youtrack-converter-0.62.2.jar;C:\Users\C2TA\.m2\repository\com\ibm\icu\icu4j\72.1\icu4j-72.1.jar;C:\Users\C2TA\.m2\repository\es\nitaur\markdown\txtmark\0.16\txtmark-0.16.jar;C:\Users\C2TA\.m2\repository\net\serenity-bdd\serenity-report-resources\3.6.21\serenity-report-resources-3.6.21.jar;C:\Users\C2TA\.m2\repository\com\fasterxml\jackson\core\jackson-core\2.15.0-rc1\jackson-core-2.15.0-rc1.jar;C:\Users\C2TA\.m2\repository\com\fasterxml\jackson\core\jackson-databind\2.15.0-rc1\jackson-databind-2.15.0-rc1.jar;C:\Users\C2TA\.m2\repository\com\fasterxml\jackson\core\jackson-annotations\2.15.0-rc1\jackson-annotations-2.15.0-rc1.jar;C:\Users\C2TA\.m2\repository\commons-codec\commons-codec\1.15\commons-codec-1.15.jar;C:\Users\C2TA\.m2\repository\commons-io\commons-io\2.11.0\commons-io-2.11.0.jar;C:\Users\C2TA\.m2\repository\org\apache\httpcomponents\httpclient\4.5.13\httpclient-4.5.13.jar;C:\Users\C2TA\.m2\repository\org\apache\httpcomponents\httpcore\4.4.13\httpcore-4.4.13.jar;C:\Users\C2TA\.m2\repository\commons-logging\commons-logging\1.2\commons-logging-1.2.jar;C:\Users\C2TA\.m2\repository\org\projectlombok\lombok\1.18.20\lombok-1.18.20.jar;C:\Users\C2TA\.m2\repository\io\appium\java-client\8.3.0\java-client-8.3.0.jar;C:\Users\C2TA\.m2\repository\commons-validator\commons-validator\1.7\commons-validator-1.7.jar;C:\Users\C2TA\.m2\repository\commons-digester\commons-digester\2.1\commons-digester-2.1.jar;C:\Users\C2TA\.m2\repository\org\apache\groovy\groovy\4.0.10\groovy-4.0.10.jar;C:\Users\C2TA\.m2\repository\net\sf\opencsv\opencsv\2.0\opencsv-2.0.jar;C:\Users\C2TA\.m2\repository\commons-beanutils\commons-beanutils\1.9.4\commons-beanutils-1.9.4.jar;C:\Users\C2TA\.m2\repository\commons-collections\commons-collections\3.2.2\commons-collections-3.2.2.jar;C:\Users\C2TA\.m2\repository\org\fluentlenium\fluentlenium-core\0.10.2\fluentlenium-core-0.10.2.jar;C:\Users\C2TA\.m2\repository\com\jhlabs\filters\2.0.235\filters-2.0.235.jar;C:\Users\C2TA\.m2\repository\com\paulhammant\ngwebdriver\1.1.6\ngwebdriver-1.1.6.jar;C:\Users\C2TA\.m2\repository\joda-time\joda-time\2.12.2\joda-time-2.12.2.jar;C:\Users\C2TA\.m2\repository\org\hamcrest\hamcrest\2.2\hamcrest-2.2.jar;C:\Users\C2TA\.m2\repository\com\google\jimfs\jimfs\1.2\jimfs-1.2.jar;C:\Users\C2TA\.m2\repository\org\mockito\mockito-core\3.3.3\mockito-core-3.3.3.jar;C:\Users\C2TA\.m2\repository\javax\xml\bind\jaxb-api\2.3.1\jaxb-api-2.3.1.jar;C:\Users\C2TA\.m2\repository\javax\activation\javax.activation-api\1.2.0\javax.activation-api-1.2.0.jar;C:\Users\C2TA\.m2\repository\com\sun\xml\bind\jaxb-core\2.3.0.1\jaxb-core-2.3.0.1.jar;C:\Users\C2TA\.m2\repository\com\sun\xml\bind\jaxb-impl\2.3.3\jaxb-impl-2.3.3.jar;C:\Users\C2TA\.m2\repository\jakarta\xml\bind\jakarta.xml.bind-api\2.3.3\jakarta.xml.bind-api-2.3.3.jar;C:\Users\C2TA\.m2\repository\com\sun\activation\jakarta.activation\1.2.2\jakarta.activation-1.2.2.jar;C:\Users\C2TA\.m2\repository\javax\activation\activation\1.1.1\activation-1.1.1.jar;C:\Users\C2TA\.m2\repository\net\serenity-bdd\serenity-cucumber\3.6.21\serenity-cucumber-3.6.21.jar;C:\Users\C2TA\.m2\repository\io\cucumber\cucumber-core\7.11.0\cucumber-core-7.11.0.jar;C:\Users\C2TA\.m2\repository\io\cucumber\cucumber-gherkin\7.11.0\cucumber-gherkin-7.11.0.jar;C:\Users\C2TA\.m2\repository\io\cucumber\cucumber-gherkin-messages\7.11.0\cucumber-gherkin-messages-7.11.0.jar;C:\Users\C2TA\.m2\repository\io\cucumber\gherkin\26.0.3\gherkin-26.0.3.jar;C:\Users\C2TA\.m2\repository\io\cucumber\messages\21.0.1\messages-21.0.1.jar;C:\Users\C2TA\.m2\repository\io\cucumber\tag-expressions\5.0.1\tag-expressions-5.0.1.jar;C:\Users\C2TA\.m2\repository\io\cucumber\cucumber-expressions\16.1.1\cucumber-expressions-16.1.1.jar;C:\Users\C2TA\.m2\repository\io\cucumber\datatable\7.11.0\datatable-7.11.0.jar;C:\Users\C2TA\.m2\repository\io\cucumber\cucumber-plugin\7.11.0\cucumber-plugin-7.11.0.jar;C:\Users\C2TA\.m2\repository\io\cucumber\docstring\7.11.0\docstring-7.11.0.jar;C:\Users\C2TA\.m2\repository\io\cucumber\html-formatter\20.2.1\html-formatter-20.2.1.jar;C:\Users\C2TA\.m2\repository\io\cucumber\junit-xml-formatter\0.1.0\junit-xml-formatter-0.1.0.jar;C:\Users\C2TA\.m2\repository\io\cucumber\ci-environment\9.1.0\ci-environment-9.1.0.jar;C:\Users\C2TA\.m2\repository\io\cucumber\cucumber-java\7.11.0\cucumber-java-7.11.0.jar;C:\Users\C2TA\.m2\repository\io\cucumber\cucumber-junit\7.11.0\cucumber-junit-7.11.0.jar;C:\Users\C2TA\.m2\repository\org\apache\commons\commons-csv\1.5\commons-csv-1.5.jar;C:\Users\C2TA\.m2\repository\net\serenity-bdd\serenity-screenplay\3.6.21\serenity-screenplay-3.6.21.jar;C:\Users\C2TA\.m2\repository\net\serenity-bdd\serenity-screenplay-webdriver\3.6.21\serenity-screenplay-webdriver-3.6.21.jar;C:\Users\C2TA\.m2\repository\net\serenity-bdd\serenity-ensure\3.6.21\serenity-ensure-3.6.21.jar;C:\Users\C2TA\.m2\repository\net\serenity-bdd\serenity-junit\3.6.21\serenity-junit-3.6.21.jar;C:\Users\C2TA\.m2\repository\org\jetbrains\kotlin\kotlin-stdlib\1.8.10\kotlin-stdlib-1.8.10.jar;C:\Users\C2TA\.m2\repository\org\jetbrains\kotlin\kotlin-stdlib-common\1.8.10\kotlin-stdlib-common-1.8.10.jar;C:\Users\C2TA\.m2\repository\org\jetbrains\annotations\13.0\annotations-13.0.jar;C:\Users\C2TA\.m2\repository\org\junit\platform\junit-platform-launcher\1.8.2\junit-platform-launcher-1.8.2.jar;C:\Users\C2TA\.m2\repository\org\junit\platform\junit-platform-engine\1.8.2\junit-platform-engine-1.8.2.jar;C:\Users\C2TA\.m2\repository\org\opentest4j\opentest4j\1.2.0\opentest4j-1.2.0.jar;C:\Users\C2TA\.m2\repository\org\junit\platform\junit-platform-commons\1.8.2\junit-platform-commons-1.8.2.jar;C:\Users\C2TA\.m2\repository\org\apiguardian\apiguardian-api\1.1.2\apiguardian-api-1.1.2.jar;C:\Users\C2TA\.m2\repository\org\junit\jupiter\junit-jupiter-engine\5.8.2\junit-jupiter-engine-5.8.2.jar;C:\Users\C2TA\.m2\repository\org\junit\jupiter\junit-jupiter-api\5.8.2\junit-jupiter-api-5.8.2.jar;C:\Users\C2TA\.m2\repository\org\junit\vintage\junit-vintage-engine\5.8.2\junit-vintage-engine-5.8.2.jar;C:\Users\C2TA\.m2\repository\junit\junit\4.13.2\junit-4.13.2.jar;C:\Users\C2TA\.m2\repository\org\hamcrest\hamcrest-core\1.3\hamcrest-core-1.3.jar;C:\Users\C2TA\.m2\repository\ch\qos\logback\logback-classic\1.2.10\logback-classic-1.2.10.jar;C:\Users\C2TA\.m2\repository\ch\qos\logback\logback-core\1.2.10\logback-core-1.2.10.jar;C:\Users\C2TA\.m2\repository\org\assertj\assertj-core\3.23.1\assertj-core-3.23.1.jar;C:\Users\C2TA\.m2\repository\net\bytebuddy\byte-buddy\1.12.10\byte-buddy-1.12.10.jar;"/>
    <property name="sun.cpu.endian" value="little"/>
    <property name="user.home" value="C:\Users\C2TA"/>
    <property name="user.language" value="en"/>
    <property name="java.specification.vendor" value="Oracle Corporation"/>
    <property name="jdk.module.path" value="C:\Users\C2TA\eclipse-workspace\Apollo_Hospital\target\Apollo_Hospital-0.0.1-SNAPSHOT.jar"/>
    <property name="java.version.date" value="2023-07-18"/>
    <property name="java.home" value="C:\Program Files\Java\jdk-11"/>
    <property name="file.separator" value="\"/>
    <property name="basedir" value="C:\Users\C2TA\eclipse-workspace\Apollo_Hospital"/>
    <property name="java.vm.compressedOopsMode" value="32-bit"/>
    <property name="line.separator" value="&#10;"/>
    <property name="java.specification.name" value="Java Platform API Specification"/>
    <property name="java.vm.specification.vendor" value="Oracle Corporation"/>
    <property name="java.awt.graphicsenv" value="sun.awt.Win32GraphicsEnvironment"/>
    <property name="surefire.real.class.path" value="C:\Users\C2TA\.m2\repository\org\apache\maven\surefire\surefire-booter\3.0.0-M5\surefire-booter-3.0.0-M5.jar;C:\Users\C2TA\.m2\repository\org\apache\maven\surefire\surefire-api\3.0.0-M5\surefire-api-3.0.0-M5.jar;C:\Users\C2TA\.m2\repository\org\apache\maven\surefire\surefire-logger-api\3.0.0-M5\surefire-logger-api-3.0.0-M5.jar;C:\Users\C2TA\.m2\repository\org\apache\maven\surefire\surefire-shared-utils\3.0.0-M4\surefire-shared-utils-3.0.0-M4.jar;C:\Users\C2TA\.m2\repository\org\apache\maven\surefire\surefire-extensions-spi\3.0.0-M5\surefire-extensions-spi-3.0.0-M5.jar;C:\Users\C2TA\eclipse-workspace\Apollo_Hospital\target\test-classes;C:\Users\C2TA\.m2\repository\io\github\bonigarcia\webdrivermanager\5.5.3\webdrivermanager-5.5.3.jar;C:\Users\C2TA\.m2\repository\org\slf4j\slf4j-api\2.0.7\slf4j-api-2.0.7.jar;C:\Users\C2TA\.m2\repository\com\google\code\gson\gson\2.10.1\gson-2.10.1.jar;C:\Users\C2TA\.m2\repository\com\github\docker-java\docker-java\3.3.3\docker-java-3.3.3.jar;C:\Users\C2TA\.m2\repository\com\github\docker-java\docker-java-core\3.3.3\docker-java-core-3.3.3.jar;C:\Users\C2TA\.m2\repository\com\github\docker-java\docker-java-api\3.3.3\docker-java-api-3.3.3.jar;C:\Users\C2TA\.m2\repository\org\apache\commons\commons-compress\1.21\commons-compress-1.21.jar;C:\Users\C2TA\.m2\repository\org\bouncycastle\bcpkix-jdk18on\1.75\bcpkix-jdk18on-1.75.jar;C:\Users\C2TA\.m2\repository\org\bouncycastle\bcprov-jdk18on\1.75\bcprov-jdk18on-1.75.jar;C:\Users\C2TA\.m2\repository\org\bouncycastle\bcutil-jdk18on\1.75\bcutil-jdk18on-1.75.jar;C:\Users\C2TA\.m2\repository\org\slf4j\jcl-over-slf4j\1.7.30\jcl-over-slf4j-1.7.30.jar;C:\Users\C2TA\.m2\repository\com\github\docker-java\docker-java-transport-httpclient5\3.3.3\docker-java-transport-httpclient5-3.3.3.jar;C:\Users\C2TA\.m2\repository\com\github\docker-java\docker-java-transport\3.3.3\docker-java-transport-3.3.3.jar;C:\Users\C2TA\.m2\repository\net\java\dev\jna\jna\5.12.1\jna-5.12.1.jar;C:\Users\C2TA\.m2\repository\org\brotli\dec\0.1.2\dec-0.1.2.jar;C:\Users\C2TA\.m2\repository\org\apache\commons\commons-lang3\3.13.0\commons-lang3-3.13.0.jar;C:\Users\C2TA\.m2\repository\org\apache\httpcomponents\client5\httpclient5\5.2.1\httpclient5-5.2.1.jar;C:\Users\C2TA\.m2\repository\org\apache\httpcomponents\core5\httpcore5\5.2\httpcore5-5.2.jar;C:\Users\C2TA\.m2\repository\org\apache\httpcomponents\core5\httpcore5-h2\5.2\httpcore5-h2-5.2.jar;C:\Users\C2TA\.m2\repository\org\seleniumhq\selenium\selenium-java\4.15.0\selenium-java-4.15.0.jar;C:\Users\C2TA\.m2\repository\org\seleniumhq\selenium\selenium-api\4.15.0\selenium-api-4.15.0.jar;C:\Users\C2TA\.m2\repository\org\seleniumhq\selenium\selenium-chrome-driver\4.15.0\selenium-chrome-driver-4.15.0.jar;C:\Users\C2TA\.m2\repository\com\google\auto\service\auto-service-annotations\1.1.1\auto-service-annotations-1.1.1.jar;C:\Users\C2TA\.m2\repository\org\seleniumhq\selenium\selenium-chromium-driver\4.15.0\selenium-chromium-driver-4.15.0.jar;C:\Users\C2TA\.m2\repository\org\seleniumhq\selenium\selenium-json\4.15.0\selenium-json-4.15.0.jar;C:\Users\C2TA\.m2\repository\org\seleniumhq\selenium\selenium-manager\4.15.0\selenium-manager-4.15.0.jar;C:\Users\C2TA\.m2\repository\org\seleniumhq\selenium\selenium-devtools-v117\4.15.0\selenium-devtools-v117-4.15.0.jar;C:\Users\C2TA\.m2\repository\org\seleniumhq\selenium\selenium-devtools-v118\4.15.0\selenium-devtools-v118-4.15.0.jar;C:\Users\C2TA\.m2\repository\org\seleniumhq\selenium\selenium-devtools-v119\4.15.0\selenium-devtools-v119-4.15.0.jar;C:\Users\C2TA\.m2\repository\org\seleniumhq\selenium\selenium-devtools-v85\4.15.0\selenium-devtools-v85-4.15.0.jar;C:\Users\C2TA\.m2\repository\org\seleniumhq\selenium\selenium-edge-driver\4.15.0\selenium-edge-driver-4.15.0.jar;C:\Users\C2TA\.m2\repository\org\seleniumhq\selenium\selenium-firefox-driver\4.15.0\selenium-firefox-driver-4.15.0.jar;C:\Users\C2TA\.m2\repository\org\seleniumhq\selenium\selenium-http\4.15.0\selenium-http-4.15.0.jar;C:\Users\C2TA\.m2\repository\dev\failsafe\failsafe\3.3.2\failsafe-3.3.2.jar;C:\Users\C2TA\.m2\repository\org\seleniumhq\selenium\selenium-ie-driver\4.15.0\selenium-ie-driver-4.15.0.jar;C:\Users\C2TA\.m2\repository\org\seleniumhq\selenium\selenium-remote-driver\4.15.0\selenium-remote-driver-4.15.0.jar;C:\Users\C2TA\.m2\repository\com\google\guava\guava\32.1.2-jre\guava-32.1.2-jre.jar;C:\Users\C2TA\.m2\repository\com\google\guava\failureaccess\1.0.1\failureaccess-1.0.1.jar;C:\Users\C2TA\.m2\repository\com\google\guava\listenablefuture\9999.0-empty-to-avoid-conflict-with-guava\listenablefuture-9999.0-empty-to-avoid-conflict-with-guava.jar;C:\Users\C2TA\.m2\repository\org\checkerframework\checker-qual\3.33.0\checker-qual-3.33.0.jar;C:\Users\C2TA\.m2\repository\com\google\errorprone\error_prone_annotations\2.18.0\error_prone_annotations-2.18.0.jar;C:\Users\C2TA\.m2\repository\com\google\j2objc\j2objc-annotations\2.8\j2objc-annotations-2.8.jar;C:\Users\C2TA\.m2\repository\io\opentelemetry\opentelemetry-api\1.28.0\opentelemetry-api-1.28.0.jar;C:\Users\C2TA\.m2\repository\io\opentelemetry\opentelemetry-context\1.28.0\opentelemetry-context-1.28.0.jar;C:\Users\C2TA\.m2\repository\io\opentelemetry\opentelemetry-exporter-logging\1.28.0\opentelemetry-exporter-logging-1.28.0.jar;C:\Users\C2TA\.m2\repository\io\opentelemetry\opentelemetry-sdk-metrics\1.28.0\opentelemetry-sdk-metrics-1.28.0.jar;C:\Users\C2TA\.m2\repository\io\opentelemetry\opentelemetry-extension-incubator\1.28.0-alpha\opentelemetry-extension-incubator-1.28.0-alpha.jar;C:\Users\C2TA\.m2\repository\io\opentelemetry\opentelemetry-sdk-logs\1.28.0\opentelemetry-sdk-logs-1.28.0.jar;C:\Users\C2TA\.m2\repository\io\opentelemetry\opentelemetry-sdk-common\1.28.0\opentelemetry-sdk-common-1.28.0.jar;C:\Users\C2TA\.m2\repository\io\opentelemetry\opentelemetry-sdk-extension-autoconfigure-spi\1.28.0\opentelemetry-sdk-extension-autoconfigure-spi-1.28.0.jar;C:\Users\C2TA\.m2\repository\io\opentelemetry\opentelemetry-sdk-extension-autoconfigure\1.28.0\opentelemetry-sdk-extension-autoconfigure-1.28.0.jar;C:\Users\C2TA\.m2\repository\io\opentelemetry\opentelemetry-api-events\1.28.0-alpha\opentelemetry-api-events-1.28.0-alpha.jar;C:\Users\C2TA\.m2\repository\io\opentelemetry\opentelemetry-sdk-trace\1.28.0\opentelemetry-sdk-trace-1.28.0.jar;C:\Users\C2TA\.m2\repository\io\opentelemetry\opentelemetry-sdk\1.28.0\opentelemetry-sdk-1.28.0.jar;C:\Users\C2TA\.m2\repository\io\opentelemetry\opentelemetry-semconv\1.28.0-alpha\opentelemetry-semconv-1.28.0-alpha.jar;C:\Users\C2TA\.m2\repository\org\seleniumhq\selenium\selenium-os\4.15.0\selenium-os-4.15.0.jar;C:\Users\C2TA\.m2\repository\org\apache\commons\commons-exec\1.3\commons-exec-1.3.jar;C:\Users\C2TA\.m2\repository\org\seleniumhq\selenium\selenium-safari-driver\4.15.0\selenium-safari-driver-4.15.0.jar;C:\Users\C2TA\.m2\repository\org\seleniumhq\selenium\selenium-support\4.15.0\selenium-support-4.15.0.jar;C:\Users\C2TA\.m2\repository\org\testng\testng\7.6.1\testng-7.6.1.jar;C:\Users\C2TA\.m2\repository\com\google\code\findbugs\jsr305\3.0.2\jsr305-3.0.2.jar;C:\Users\C2TA\.m2\repository\com\beust\jcommander\1.82\jcommander-1.82.jar;C:\Users\C2TA\.m2\repository\org\webjars\jquery\3.6.0\jquery-3.6.0.jar;C:\Users\C2TA\.m2\repository\net\serenity-bdd\serenity-core\3.6.21\serenity-core-3.6.21.jar;C:\Users\C2TA\.m2\repository\net\serenity-bdd\serenity-model\3.6.21\serenity-model-3.6.21.jar;C:\Users\C2TA\.m2\repository\org\apache\commons\commons-text\1.10.0\commons-text-1.10.0.jar;C:\Users\C2TA\.m2\repository\commons-net\commons-net\3.9.0\commons-net-3.9.0.jar;C:\Users\C2TA\.m2\repository\com\google\inject\guice\5.1.0\guice-5.1.0.jar;C:\Users\C2TA\.m2\repository\javax\inject\javax.inject\1\javax.inject-1.jar;C:\Users\C2TA\.m2\repository\aopalliance\aopalliance\1.0\aopalliance-1.0.jar;C:\Users\C2TA\.m2\repository\org\jsoup\jsoup\1.14.3\jsoup-1.14.3.jar;C:\Users\C2TA\.m2\repository\com\thoughtworks\xstream\xstream\1.4.20\xstream-1.4.20.jar;C:\Users\C2TA\.m2\repository\io\github\x-stream\mxparser\1.2.2\mxparser-1.2.2.jar;C:\Users\C2TA\.m2\repository\xmlpull\xmlpull\1.1.3.1\xmlpull-1.1.3.1.jar;C:\Users\C2TA\.m2\repository\com\typesafe\config\1.4.2\config-1.4.2.jar;C:\Users\C2TA\.m2\repository\org\imgscalr\imgscalr-lib\4.2\imgscalr-lib-4.2.jar;C:\Users\C2TA\.m2\repository\org\awaitility\awaitility\4.2.0\awaitility-4.2.0.jar;C:\Users\C2TA\.m2\repository\org\freemarker\freemarker\2.3.31\freemarker-2.3.31.jar;C:\Users\C2TA\.m2\repository\io\github\classgraph\classgraph\4.8.138\classgraph-4.8.138.jar;C:\Users\C2TA\.m2\repository\net\sourceforge\jexcelapi\jxl\2.6.12\jxl-2.6.12.jar;C:\Users\C2TA\.m2\repository\net\bytebuddy\byte-buddy-agent\1.14.2\byte-buddy-agent-1.14.2.jar;C:\Users\C2TA\.m2\repository\org\objenesis\objenesis\3.3\objenesis-3.3.jar;C:\Users\C2TA\.m2\repository\net\serenity-bdd\serenity-reports\3.6.21\serenity-reports-3.6.21.jar;C:\Users\C2TA\.m2\repository\net\serenity-bdd\serenity-stats\3.6.21\serenity-stats-3.6.21.jar;C:\Users\C2TA\.m2\repository\net\serenity-bdd\serenity-reports-configuration\3.6.21\serenity-reports-configuration-3.6.21.jar;C:\Users\C2TA\.m2\repository\com\vladsch\flexmark\flexmark-all\0.62.2\flexmark-all-0.62.2.jar;C:\Users\C2TA\.m2\repository\com\vladsch\flexmark\flexmark\0.62.2\flexmark-0.62.2.jar;C:\Users\C2TA\.m2\repository\com\vladsch\flexmark\flexmark-ext-abbreviation\0.62.2\flexmark-ext-abbreviation-0.62.2.jar;C:\Users\C2TA\.m2\repository\com\vladsch\flexmark\flexmark-util\0.62.2\flexmark-util-0.62.2.jar;C:\Users\C2TA\.m2\repository\com\vladsch\flexmark\flexmark-ext-admonition\0.62.2\flexmark-ext-admonition-0.62.2.jar;C:\Users\C2TA\.m2\repository\com\vladsch\flexmark\flexmark-ext-anchorlink\0.62.2\flexmark-ext-anchorlink-0.62.2.jar;C:\Users\C2TA\.m2\repository\com\vladsch\flexmark\flexmark-ext-aside\0.62.2\flexmark-ext-aside-0.62.2.jar;C:\Users\C2TA\.m2\repository\com\vladsch\flexmark\flexmark-ext-attributes\0.62.2\flexmark-ext-attributes-0.62.2.jar;C:\Users\C2TA\.m2\repository\com\vladsch\flexmark\flexmark-ext-autolink\0.62.2\flexmark-ext-autolink-0.62.2.jar;C:\Users\C2TA\.m2\repository\org\nibor\autolink\autolink\0.6.0\autolink-0.6.0.jar;C:\Users\C2TA\.m2\repository\com\vladsch\flexmark\flexmark-ext-definition\0.62.2\flexmark-ext-definition-0.62.2.jar;C:\Users\C2TA\.m2\repository\com\vladsch\flexmark\flexmark-ext-emoji\0.62.2\flexmark-ext-emoji-0.62.2.jar;C:\Users\C2TA\.m2\repository\com\vladsch\flexmark\flexmark-ext-enumerated-reference\0.62.2\flexmark-ext-enumerated-reference-0.62.2.jar;C:\Users\C2TA\.m2\repository\com\vladsch\flexmark\flexmark-ext-escaped-character\0.62.2\flexmark-ext-escaped-character-0.62.2.jar;C:\Users\C2TA\.m2\repository\com\vladsch\flexmark\flexmark-ext-footnotes\0.62.2\flexmark-ext-footnotes-0.62.2.jar;C:\Users\C2TA\.m2\repository\com\vladsch\flexmark\flexmark-ext-gfm-issues\0.62.2\flexmark-ext-gfm-issues-0.62.2.jar;C:\Users\C2TA\.m2\repository\com\vladsch\flexmark\flexmark-ext-gfm-strikethrough\0.62.2\flexmark-ext-gfm-strikethrough-0.62.2.jar;C:\Users\C2TA\.m2\repository\com\vladsch\flexmark\flexmark-ext-gfm-tasklist\0.62.2\flexmark-ext-gfm-tasklist-0.62.2.jar;C:\Users\C2TA\.m2\repository\com\vladsch\flexmark\flexmark-ext-gfm-users\0.62.2\flexmark-ext-gfm-users-0.62.2.jar;C:\Users\C2TA\.m2\repository\com\vladsch\flexmark\flexmark-ext-gitlab\0.62.2\flexmark-ext-gitlab-0.62.2.jar;C:\Users\C2TA\.m2\repository\com\vladsch\flexmark\flexmark-ext-jekyll-front-matter\0.62.2\flexmark-ext-jekyll-front-matter-0.62.2.jar;C:\Users\C2TA\.m2\repository\com\vladsch\flexmark\flexmark-ext-jekyll-tag\0.62.2\flexmark-ext-jekyll-tag-0.62.2.jar;C:\Users\C2TA\.m2\repository\com\vladsch\flexmark\flexmark-ext-media-tags\0.62.2\flexmark-ext-media-tags-0.62.2.jar;C:\Users\C2TA\.m2\repository\com\vladsch\flexmark\flexmark-ext-macros\0.62.2\flexmark-ext-macros-0.62.2.jar;C:\Users\C2TA\.m2\repository\com\vladsch\flexmark\flexmark-ext-ins\0.62.2\flexmark-ext-ins-0.62.2.jar;C:\Users\C2TA\.m2\repository\com\vladsch\flexmark\flexmark-ext-xwiki-macros\0.62.2\flexmark-ext-xwiki-macros-0.62.2.jar;C:\Users\C2TA\.m2\repository\com\vladsch\flexmark\flexmark-ext-superscript\0.62.2\flexmark-ext-superscript-0.62.2.jar;C:\Users\C2TA\.m2\repository\com\vladsch\flexmark\flexmark-ext-tables\0.62.2\flexmark-ext-tables-0.62.2.jar;C:\Users\C2TA\.m2\repository\com\vladsch\flexmark\flexmark-ext-toc\0.62.2\flexmark-ext-toc-0.62.2.jar;C:\Users\C2TA\.m2\repository\com\vladsch\flexmark\flexmark-ext-typographic\0.62.2\flexmark-ext-typographic-0.62.2.jar;C:\Users\C2TA\.m2\repository\com\vladsch\flexmark\flexmark-ext-wikilink\0.62.2\flexmark-ext-wikilink-0.62.2.jar;C:\Users\C2TA\.m2\repository\com\vladsch\flexmark\flexmark-ext-yaml-front-matter\0.62.2\flexmark-ext-yaml-front-matter-0.62.2.jar;C:\Users\C2TA\.m2\repository\com\vladsch\flexmark\flexmark-ext-youtube-embedded\0.62.2\flexmark-ext-youtube-embedded-0.62.2.jar;C:\Users\C2TA\.m2\repository\com\vladsch\flexmark\flexmark-html2md-converter\0.62.2\flexmark-html2md-converter-0.62.2.jar;C:\Users\C2TA\.m2\repository\com\vladsch\flexmark\flexmark-jira-converter\0.62.2\flexmark-jira-converter-0.62.2.jar;C:\Users\C2TA\.m2\repository\com\vladsch\flexmark\flexmark-pdf-converter\0.62.2\flexmark-pdf-converter-0.62.2.jar;C:\Users\C2TA\.m2\repository\com\openhtmltopdf\openhtmltopdf-core\1.0.0\openhtmltopdf-core-1.0.0.jar;C:\Users\C2TA\.m2\repository\com\openhtmltopdf\openhtmltopdf-pdfbox\1.0.0\openhtmltopdf-pdfbox-1.0.0.jar;C:\Users\C2TA\.m2\repository\org\apache\pdfbox\pdfbox\2.0.16\pdfbox-2.0.16.jar;C:\Users\C2TA\.m2\repository\org\apache\pdfbox\fontbox\2.0.16\fontbox-2.0.16.jar;C:\Users\C2TA\.m2\repository\org\apache\pdfbox\xmpbox\2.0.16\xmpbox-2.0.16.jar;C:\Users\C2TA\.m2\repository\de\rototor\pdfbox\graphics2d\0.24\graphics2d-0.24.jar;C:\Users\C2TA\.m2\repository\com\openhtmltopdf\openhtmltopdf-rtl-support\1.0.0\openhtmltopdf-rtl-support-1.0.0.jar;C:\Users\C2TA\.m2\repository\com\openhtmltopdf\openhtmltopdf-jsoup-dom-converter\1.0.0\openhtmltopdf-jsoup-dom-converter-1.0.0.jar;C:\Users\C2TA\.m2\repository\com\vladsch\flexmark\flexmark-profile-pegdown\0.62.2\flexmark-profile-pegdown-0.62.2.jar;C:\Users\C2TA\.m2\repository\com\vladsch\flexmark\flexmark-util-ast\0.62.2\flexmark-util-ast-0.62.2.jar;C:\Users\C2TA\.m2\repository\com\vladsch\flexmark\flexmark-util-builder\0.62.2\flexmark-util-builder-0.62.2.jar;C:\Users\C2TA\.m2\repository\com\vladsch\flexmark\flexmark-util-collection\0.62.2\flexmark-util-collection-0.62.2.jar;C:\Users\C2TA\.m2\repository\com\vladsch\flexmark\flexmark-util-data\0.62.2\flexmark-util-data-0.62.2.jar;C:\Users\C2TA\.m2\repository\com\vladsch\flexmark\flexmark-util-dependency\0.62.2\flexmark-util-dependency-0.62.2.jar;C:\Users\C2TA\.m2\repository\com\vladsch\flexmark\flexmark-util-format\0.62.2\flexmark-util-format-0.62.2.jar;C:\Users\C2TA\.m2\repository\com\vladsch\flexmark\flexmark-util-html\0.62.2\flexmark-util-html-0.62.2.jar;C:\Users\C2TA\.m2\repository\com\vladsch\flexmark\flexmark-util-misc\0.62.2\flexmark-util-misc-0.62.2.jar;C:\Users\C2TA\.m2\repository\com\vladsch\flexmark\flexmark-util-options\0.62.2\flexmark-util-options-0.62.2.jar;C:\Users\C2TA\.m2\repository\com\vladsch\flexmark\flexmark-util-sequence\0.62.2\flexmark-util-sequence-0.62.2.jar;C:\Users\C2TA\.m2\repository\com\vladsch\flexmark\flexmark-util-visitor\0.62.2\flexmark-util-visitor-0.62.2.jar;C:\Users\C2TA\.m2\repository\com\vladsch\flexmark\flexmark-youtrack-converter\0.62.2\flexmark-youtrack-converter-0.62.2.jar;C:\Users\C2TA\.m2\repository\com\ibm\icu\icu4j\72.1\icu4j-72.1.jar;C:\Users\C2TA\.m2\repository\es\nitaur\markdown\txtmark\0.16\txtmark-0.16.jar;C:\Users\C2TA\.m2\repository\net\serenity-bdd\serenity-report-resources\3.6.21\serenity-report-resources-3.6.21.jar;C:\Users\C2TA\.m2\repository\com\fasterxml\jackson\core\jackson-core\2.15.0-rc1\jackson-core-2.15.0-rc1.jar;C:\Users\C2TA\.m2\repository\com\fasterxml\jackson\core\jackson-databind\2.15.0-rc1\jackson-databind-2.15.0-rc1.jar;C:\Users\C2TA\.m2\repository\com\fasterxml\jackson\core\jackson-annotations\2.15.0-rc1\jackson-annotations-2.15.0-rc1.jar;C:\Users\C2TA\.m2\repository\commons-codec\commons-codec\1.15\commons-codec-1.15.jar;C:\Users\C2TA\.m2\repository\commons-io\commons-io\2.11.0\commons-io-2.11.0.jar;C:\Users\C2TA\.m2\repository\org\apache\httpcomponents\httpclient\4.5.13\httpclient-4.5.13.jar;C:\Users\C2TA\.m2\repository\org\apache\httpcomponents\httpcore\4.4.13\httpcore-4.4.13.jar;C:\Users\C2TA\.m2\repository\commons-logging\commons-logging\1.2\commons-logging-1.2.jar;C:\Users\C2TA\.m2\repository\org\projectlombok\lombok\1.18.20\lombok-1.18.20.jar;C:\Users\C2TA\.m2\repository\io\appium\java-client\8.3.0\java-client-8.3.0.jar;C:\Users\C2TA\.m2\repository\commons-validator\commons-validator\1.7\commons-validator-1.7.jar;C:\Users\C2TA\.m2\repository\commons-digester\commons-digester\2.1\commons-digester-2.1.jar;C:\Users\C2TA\.m2\repository\org\apache\groovy\groovy\4.0.10\groovy-4.0.10.jar;C:\Users\C2TA\.m2\repository\net\sf\opencsv\opencsv\2.0\opencsv-2.0.jar;C:\Users\C2TA\.m2\repository\commons-beanutils\commons-beanutils\1.9.4\commons-beanutils-1.9.4.jar;C:\Users\C2TA\.m2\repository\commons-collections\commons-collections\3.2.2\commons-collections-3.2.2.jar;C:\Users\C2TA\.m2\repository\org\fluentlenium\fluentlenium-core\0.10.2\fluentlenium-core-0.10.2.jar;C:\Users\C2TA\.m2\repository\com\jhlabs\filters\2.0.235\filters-2.0.235.jar;C:\Users\C2TA\.m2\repository\com\paulhammant\ngwebdriver\1.1.6\ngwebdriver-1.1.6.jar;C:\Users\C2TA\.m2\repository\joda-time\joda-time\2.12.2\joda-time-2.12.2.jar;C:\Users\C2TA\.m2\repository\org\hamcrest\hamcrest\2.2\hamcrest-2.2.jar;C:\Users\C2TA\.m2\repository\com\google\jimfs\jimfs\1.2\jimfs-1.2.jar;C:\Users\C2TA\.m2\repository\org\mockito\mockito-core\3.3.3\mockito-core-3.3.3.jar;C:\Users\C2TA\.m2\repository\javax\xml\bind\jaxb-api\2.3.1\jaxb-api-2.3.1.jar;C:\Users\C2TA\.m2\repository\javax\activation\javax.activation-api\1.2.0\javax.activation-api-1.2.0.jar;C:\Users\C2TA\.m2\repository\com\sun\xml\bind\jaxb-core\2.3.0.1\jaxb-core-2.3.0.1.jar;C:\Users\C2TA\.m2\repository\com\sun\xml\bind\jaxb-impl\2.3.3\jaxb-impl-2.3.3.jar;C:\Users\C2TA\.m2\repository\jakarta\xml\bind\jakarta.xml.bind-api\2.3.3\jakarta.xml.bind-api-2.3.3.jar;C:\Users\C2TA\.m2\repository\com\sun\activation\jakarta.activation\1.2.2\jakarta.activation-1.2.2.jar;C:\Users\C2TA\.m2\repository\javax\activation\activation\1.1.1\activation-1.1.1.jar;C:\Users\C2TA\.m2\repository\net\serenity-bdd\serenity-cucumber\3.6.21\serenity-cucumber-3.6.21.jar;C:\Users\C2TA\.m2\repository\io\cucumber\cucumber-core\7.11.0\cucumber-core-7.11.0.jar;C:\Users\C2TA\.m2\repository\io\cucumber\cucumber-gherkin\7.11.0\cucumber-gherkin-7.11.0.jar;C:\Users\C2TA\.m2\repository\io\cucumber\cucumber-gherkin-messages\7.11.0\cucumber-gherkin-messages-7.11.0.jar;C:\Users\C2TA\.m2\repository\io\cucumber\gherkin\26.0.3\gherkin-26.0.3.jar;C:\Users\C2TA\.m2\repository\io\cucumber\messages\21.0.1\messages-21.0.1.jar;C:\Users\C2TA\.m2\repository\io\cucumber\tag-expressions\5.0.1\tag-expressions-5.0.1.jar;C:\Users\C2TA\.m2\repository\io\cucumber\cucumber-expressions\16.1.1\cucumber-expressions-16.1.1.jar;C:\Users\C2TA\.m2\repository\io\cucumber\datatable\7.11.0\datatable-7.11.0.jar;C:\Users\C2TA\.m2\repository\io\cucumber\cucumber-plugin\7.11.0\cucumber-plugin-7.11.0.jar;C:\Users\C2TA\.m2\repository\io\cucumber\docstring\7.11.0\docstring-7.11.0.jar;C:\Users\C2TA\.m2\repository\io\cucumber\html-formatter\20.2.1\html-formatter-20.2.1.jar;C:\Users\C2TA\.m2\repository\io\cucumber\junit-xml-formatter\0.1.0\junit-xml-formatter-0.1.0.jar;C:\Users\C2TA\.m2\repository\io\cucumber\ci-environment\9.1.0\ci-environment-9.1.0.jar;C:\Users\C2TA\.m2\repository\io\cucumber\cucumber-java\7.11.0\cucumber-java-7.11.0.jar;C:\Users\C2TA\.m2\repository\io\cucumber\cucumber-junit\7.11.0\cucumber-junit-7.11.0.jar;C:\Users\C2TA\.m2\repository\org\apache\commons\commons-csv\1.5\commons-csv-1.5.jar;C:\Users\C2TA\.m2\repository\net\serenity-bdd\serenity-screenplay\3.6.21\serenity-screenplay-3.6.21.jar;C:\Users\C2TA\.m2\repository\net\serenity-bdd\serenity-screenplay-webdriver\3.6.21\serenity-screenplay-webdriver-3.6.21.jar;C:\Users\C2TA\.m2\repository\net\serenity-bdd\serenity-ensure\3.6.21\serenity-ensure-3.6.21.jar;C:\Users\C2TA\.m2\repository\net\serenity-bdd\serenity-junit\3.6.21\serenity-junit-3.6.21.jar;C:\Users\C2TA\.m2\repository\org\jetbrains\kotlin\kotlin-stdlib\1.8.10\kotlin-stdlib-1.8.10.jar;C:\Users\C2TA\.m2\repository\org\jetbrains\kotlin\kotlin-stdlib-common\1.8.10\kotlin-stdlib-common-1.8.10.jar;C:\Users\C2TA\.m2\repository\org\jetbrains\annotations\13.0\annotations-13.0.jar;C:\Users\C2TA\.m2\repository\org\junit\platform\junit-platform-launcher\1.8.2\junit-platform-launcher-1.8.2.jar;C:\Users\C2TA\.m2\repository\org\junit\platform\junit-platform-engine\1.8.2\junit-platform-engine-1.8.2.jar;C:\Users\C2TA\.m2\repository\org\opentest4j\opentest4j\1.2.0\opentest4j-1.2.0.jar;C:\Users\C2TA\.m2\repository\org\junit\platform\junit-platform-commons\1.8.2\junit-platform-commons-1.8.2.jar;C:\Users\C2TA\.m2\repository\org\apiguardian\apiguardian-api\1.1.2\apiguardian-api-1.1.2.jar;C:\Users\C2TA\.m2\repository\org\junit\jupiter\junit-jupiter-engine\5.8.2\junit-jupiter-engine-5.8.2.jar;C:\Users\C2TA\.m2\repository\org\junit\jupiter\junit-jupiter-api\5.8.2\junit-jupiter-api-5.8.2.jar;C:\Users\C2TA\.m2\repository\org\junit\vintage\junit-vintage-engine\5.8.2\junit-vintage-engine-5.8.2.jar;C:\Users\C2TA\.m2\repository\junit\junit\4.13.2\junit-4.13.2.jar;C:\Users\C2TA\.m2\repository\org\hamcrest\hamcrest-core\1.3\hamcrest-core-1.3.jar;C:\Users\C2TA\.m2\repository\ch\qos\logback\logback-classic\1.2.10\logback-classic-1.2.10.jar;C:\Users\C2TA\.m2\repository\ch\qos\logback\logback-core\1.2.10\logback-core-1.2.10.jar;C:\Users\C2TA\.m2\repository\org\assertj\assertj-core\3.23.1\assertj-core-3.23.1.jar;C:\Users\C2TA\.m2\repository\net\bytebuddy\byte-buddy\1.12.10\byte-buddy-1.12.10.jar;C:\Users\C2TA\.m2\repository\org\apache\maven\surefire\surefire-junit-platform\3.0.0-M5\surefire-junit-platform-3.0.0-M5.jar;C:\Users\C2TA\.m2\repository\org\apache\maven\surefire\common-java5\3.0.0-M5\common-java5-3.0.0-M5.jar"/>
    <property name="user.script" value=""/>
    <property name="sun.management.compiler" value="HotSpot 64-Bit Tiered Compilers"/>
    <property name="java.runtime.version" value="11.0.20+9-LTS-256"/>
    <property name="user.name" value="C2TA"/>
    <property name="path.separator" value=";"/>
    <property name="os.version" value="10.0"/>
    <property name="java.runtime.name" value="Java(TM) SE Runtime Environment"/>
    <property name="file.encoding" value="Cp1252"/>
    <property name="webdriver.base.url" value=""/>
    <property name="java.vm.name" value="Java HotSpot(TM) 64-Bit Server VM"/>
    <property name="java.vendor.version" value="18.9"/>
    <property name="localRepository" value="C:\Users\C2TA\.m2\repository"/>
    <property name="java.vendor.url.bug" value="https://bugreport.java.com/bugreport/"/>
    <property name="java.io.tmpdir" value="C:\Users\C2TA\AppData\Local\Temp\"/>
    <property name="java.version" value="11.0.20"/>
    <property name="user.dir" value="C:\Users\C2TA\eclipse-workspace\Apollo_Hospital"/>
    <property name="os.arch" value="amd64"/>
    <property name="java.vm.specification.name" value="Java Virtual Machine Specification"/>
    <property name="java.awt.printerjob" value="sun.awt.windows.WPrinterJob"/>
    <property name="sun.os.patch.level" value=""/>
    <property name="java.library.path" value="C:\Program Files\Java\jdk-11\bin;C:\Windows\Sun\Java\bin;C:\Windows\system32;C:\Windows;C:\Program Files\Common Files\Oracle\Java\javapath;C:\Windows\system32;C:\Windows;C:\Windows\System32\Wbem;C:\Windows\System32\WindowsPowerShell\v1.0\;C:\Windows\System32\OpenSSH\;C:\Users\C2TA\Downloads\apache-maven-3.9.5\bin;C:\Program Files\Java\jdk-11\bin;C:\Program Files\Git\cmd;C:\Program Files\nodejs\;C:\Program Files\nodejs\node_modules\npm\bin;C:\Users\C2TA\AppData\Local\Android\Sdk\tools;C:\Users\C2TA\AppData\Local\Android\Sdk\platform-tools;C:\Users\C2TA\AppData\Local\Android\Sdk\tools\bin;C:\Users\C2TA\AppData\Local\Android\Sdk;C:\Program Files\Microsoft SQL Server\150\Tools\Binn\;C:\Program Files\Microsoft SQL Server\Client SDK\ODBC\170\Tools\Binn\;C:\Program Files\dotnet\;C:\Users\C2TA\AppData\Local\Microsoft\WindowsApps;C:\Users\C2TA\AppData\Roaming\npm;C:\Users\C2TA\AppData\Local\Programs\Microsoft VS Code\bin;C:\Users\C2TA\.dotnet\tools;."/>
    <property name="java.vendor" value="Oracle Corporation"/>
    <property name="java.vm.info" value="mixed mode"/>
    <property name="java.vm.version" value="11.0.20+9-LTS-256"/>
    <property name="java.specification.maintenance.version" value="2"/>
    <property name="sun.io.unicode.encoding" value="UnicodeLittle"/>
    <property name="java.class.version" value="55.0"/>
  </properties>
  <testcase name="Validate the locations of hospitals in india" classname="To validate the apollo hospital application" time="67.471">
    <system-out><![CDATA[Ahmedabad
------------
Plot No.1A, Bhat GIDC Estate Dist. Airport Gandhinagar Road, Dist. Gandhinagar, Ahmedabad - 382428 Gujarat

Aragonda
------------
Aragonda (V), Thavanampalli (M), Chittoor (D)

Bangalore
------------
154 / 11, Bannerghatta Road Opp. I.I.M Bangalore - 560 076

Bhubaneshwar
------------
Plot No. 251, Old Sainik School Road Bhubaneshwar - 750 015

Bilaspur
------------
Apollo Hospitals Bilaspur, Seepat Road, Bilaspur, Chhattisgarh, 495006

Bhopal
------------
Apollo Sage Hospitals, E-8 Extension, Arera Colony, Bhopal - 462026

Chennai
------------
21, Greams Lane, Off Greams Road Chennai – 600006

Delhi
------------
Sarita Vihar Delhi Mathura Road, New Delhi - 110076 (India)

Guwahati
------------
Apollo Hospitals, Guwahati Unit: International Hospitals Lotus Tower, Christian Basti, G.S.Road Guwahati - 781 005

Hyderabad
------------
Film Nagar, Jubilee Hills, Hyderabad, Telangana State, India. Toll No – 1860 500 1066

Indore
------------
Scheme No. 74 C, Sector D, Vijay Nagar, Indore 452 010 (Madhya Pradesh).

Kakinada
------------
13-1-3, Suryaraopeta Main Road, Kakinada - 533 001

Karur
------------
163 - AE, Allwyn Nagar Kovai Road Karur - 639002

Kolkata
------------
58, Canal Circular Road Kolkata - 700 054

Kochi
------------
Apollo Adlux Hospital Angamaly, Cable Junction, Ernakulam District, National Highway 47 Karukutty, Kerala 683576

Lucknow
------------
Apollomedics Super Speciality Hospitals
Kanpur - Lucknow Rd, Sector B, Bargawan, LDA Colony, Lucknow, Uttar Pradesh 226012

Madurai
------------
Lake View Road, K.K. Nagar, Madurai - 625 020

Mumbai
------------
Parsik Hill Road, Sector 23, CBD Belapur, Navi Mumbai - 400 614

Mysore
------------
Adhichunchanagiri Road Kuvempunagar, Mysore - 570 023

Nashik
------------
Swaminarayan Nagar Near Lunge Mangal Karyalaya New Adgaon Naka, Panchavati Nashik 422 003, Maharashtra.

Nellore
------------
Apollo specialty Hospitals Nellore, 16/111, 1133, Muthukur Rd, Pinakini Avenue, Ramji Nagar, Nellore, Andhra Pradesh 524004

Noida
------------
E 2, Apollo Hospitals Rd, Block E, Sector 26, Noida, Uttar Pradesh 201301

Trichy
------------
Ariyamangalam Area, Chennai - Madurai Highway, Trichy - 620 010

]]></system-out>
    <system-err><![CDATA[SLF4J: No SLF4J providers were found.
SLF4J: Defaulting to no-operation (NOP) logger implementation
SLF4J: See https://www.slf4j.org/codes.html#noProviders for further details.
SLF4J: Class path contains SLF4J bindings targeting slf4j-api versions 1.7.x or earlier.
SLF4J: Ignoring binding found at [jar:file:/C:/Users/C2TA/.m2/repository/ch/qos/logback/logback-classic/1.2.10/logback-classic-1.2.10.jar!/org/slf4j/impl/StaticLoggerBinder.class]
SLF4J: See https://www.slf4j.org/codes.html#ignoredBindings for an explanation.
Dec 27, 2023 3:53:56 PM org.openqa.selenium.devtools.CdpVersionFinder findNearestMatch
WARNING: Unable to find an exact match for CDP version 120, returning the closest version; found: 119; Please update to a Selenium version that supports CDP version 120
]]></system-err>
  </testcase>
</testsuite>